  An environment variable "DIAMONDDB" has been set to the DIAMOND databse directory.

  USAGE EXAMPLE:
    diamond blastp --db ${DIAMONDDB}/uniref90.dmnd -q sequence.fasta -p 4  -o result.out

  NOTE:
     This is version 3 database format. DIAMOND software version should be >=2.04.
     ===> DIAMOND ver. 2.04 has been loaded.
  
diamond v2.0.15.153 (C) Max Planck Society for the Advancement of Science
Documentation, support and updates available at http://www.diamondsearch.org
Please cite: http://dx.doi.org/10.1038/s41592-021-01101-x Nature Methods (2021)

#CPU threads: 16
Scoring parameters: (Matrix=BLOSUM62 Lambda=0.267 K=0.041 Penalties=11/1)
Temporary directory: 
#Target sequences to report alignments for: 25
Opening the database...  [0.201s]
Database: /bucket/BioinfoUgrp/DB/diamondDB/uniref90/2020_06/uniref90.dmnd (type: Diamond database, sequences: 131362929, letters: 43816966815)
Block size = 2000000000
Opening the input file...  [0.001s]
Opening the output file...  [0.001s]
Loading query sequences...  [0s]
Masking queries...  [0.002s]
Building query seed set...  [0.002s]
Algorithm: Query-indexed
Building query histograms...  [0.002s]
Allocating buffers...  [0s]
Loading reference sequences...  [4.874s]
Initializing dictionary...  [0.001s]
Initializing temporary storage...  [0.005s]
Building reference histograms...  [4.092s]
Allocating buffers...  [0s]
Processing query block 1, reference block 1/22, shape 1/2.
Building reference seed array...  [2.468s]
Building query seed array...  [0.003s]
Computing hash join...  [0.299s]
Searching alignments...  [0.003s]
Processing query block 1, reference block 1/22, shape 2/2.
Building reference seed array...  [2.498s]
Building query seed array...  [0.003s]
Computing hash join...  [0.29s]
Searching alignments...  [0.001s]
Deallocating buffers...  [0.01s]
Clearing query masking...  [0s]
Opening temporary output file...  [0s]
Computing alignments...  [0.111s]
Deallocating reference...  [0.006s]
Loading reference sequences...  [4.951s]
Initializing dictionary...  [0s]
Initializing temporary storage...  [0.006s]
Building reference histograms...  [4.435s]
Allocating buffers...  [0s]
Processing query block 1, reference block 2/22, shape 1/2.
Building reference seed array...  [2.214s]
Building query seed array...  [0.003s]
Computing hash join...  [0.187s]
Searching alignments...  [0.001s]
Processing query block 1, reference block 2/22, shape 2/2.
Building reference seed array...  [2.329s]
Building query seed array...  [0.003s]
Computing hash join...  [0.271s]
Searching alignments...  [0.001s]
Deallocating buffers...  [0.065s]
Clearing query masking...  [0s]
Opening temporary output file...  [0.001s]
Computing alignments...  [0.186s]
Deallocating reference...  [0.007s]
Loading reference sequences...  [4.438s]
Initializing dictionary...  [0s]
Initializing temporary storage...  [0.005s]
Building reference histograms...  [4.238s]
Allocating buffers...  [0s]
Processing query block 1, reference block 3/22, shape 1/2.
Building reference seed array...  [2.641s]
Building query seed array...  [0.003s]
Computing hash join...  [0.22s]
Searching alignments...  [0.001s]
Processing query block 1, reference block 3/22, shape 2/2.
Building reference seed array...  [2.735s]
Building query seed array...  [0.002s]
Computing hash join...  [0.224s]
Searching alignments...  [0.001s]
Deallocating buffers...  [0.253s]
Clearing query masking...  [0s]
Opening temporary output file...  [0s]
Computing alignments...  [0.034s]
Deallocating reference...  [0.017s]
Loading reference sequences...  [5.038s]
Initializing dictionary...  [0s]
Initializing temporary storage...  [0.005s]
Building reference histograms...  [4.389s]
Allocating buffers...  [0s]
Processing query block 1, reference block 4/22, shape 1/2.
Building reference seed array...  [2.651s]
Building query seed array...  [0.003s]
Computing hash join...  [0.195s]
Searching alignments...  [0.001s]
Processing query block 1, reference block 4/22, shape 2/2.
Building reference seed array...  [2.245s]
Building query seed array...  [0.003s]
Computing hash join...  [0.232s]
Searching alignments...  [0.001s]
Deallocating buffers...  [0.252s]
Clearing query masking...  [0s]
Opening temporary output file...  [0.001s]
Computing alignments...  [0.03s]
Deallocating reference...  [0.007s]
Loading reference sequences...  [4.616s]
Initializing dictionary...  [0.001s]
Initializing temporary storage...  [0.005s]
Building reference histograms...  [4.362s]
Allocating buffers...  [0s]
Processing query block 1, reference block 5/22, shape 1/2.
Building reference seed array...  [2.633s]
Building query seed array...  [0.003s]
Computing hash join...  [0.199s]
Searching alignments...  [0.001s]
Processing query block 1, reference block 5/22, shape 2/2.
Building reference seed array...  [2.438s]
Building query seed array...  [0.003s]
Computing hash join...  [0.241s]
Searching alignments...  [0.001s]
Deallocating buffers...  [0.288s]
Clearing query masking...  [0s]
Opening temporary output file...  [0s]
Computing alignments...  [0.033s]
Deallocating reference...  [0.008s]
Loading reference sequences...  [4.84s]
Initializing dictionary...  [0.001s]
Initializing temporary storage...  [0.005s]
Building reference histograms...  [3.919s]
Allocating buffers...  [0s]
Processing query block 1, reference block 6/22, shape 1/2.
Building reference seed array...  [2.279s]
Building query seed array...  [0.003s]
Computing hash join...  [0.182s]
Searching alignments...  [0.001s]
Processing query block 1, reference block 6/22, shape 2/2.
Building reference seed array...  [2.333s]
Building query seed array...  [0.003s]
Computing hash join...  [0.238s]
Searching alignments...  [0.001s]
Deallocating buffers...  [0.327s]
Clearing query masking...  [0s]
Opening temporary output file...  [0.001s]
Computing alignments...  [0.041s]
Deallocating reference...  [0.008s]
Loading reference sequences...  [5.365s]
Initializing dictionary...  [0.001s]
Initializing temporary storage...  [0.006s]
Building reference histograms...  [4.125s]
Allocating buffers...  [0s]
Processing query block 1, reference block 7/22, shape 1/2.
Building reference seed array...  [2.15s]
Building query seed array...  [0.002s]
Computing hash join...  [0.208s]
Searching alignments...  [0.001s]
Processing query block 1, reference block 7/22, shape 2/2.
Building reference seed array...  [2.506s]
Building query seed array...  [0.003s]
Computing hash join...  [0.239s]
Searching alignments...  [0.001s]
Deallocating buffers...  [0.331s]
Clearing query masking...  [0s]
Opening temporary output file...  [0.001s]
Computing alignments...  [0.051s]
Deallocating reference...  [0.009s]
Loading reference sequences...  [5.424s]
Initializing dictionary...  [0.001s]
Initializing temporary storage...  [0.005s]
Building reference histograms...  [4.547s]
Allocating buffers...  [0s]
Processing query block 1, reference block 8/22, shape 1/2.
Building reference seed array...  [2.706s]
Building query seed array...  [0.002s]
Computing hash join...  [0.209s]
Searching alignments...  [0.001s]
Processing query block 1, reference block 8/22, shape 2/2.
Building reference seed array...  [2.303s]
Building query seed array...  [0.002s]
Computing hash join...  [0.217s]
Searching alignments...  [0.001s]
Deallocating buffers...  [0.343s]
Clearing query masking...  [0s]
Opening temporary output file...  [0.001s]
Computing alignments...  [0.053s]
Deallocating reference...  [0.008s]
Loading reference sequences...  [5.381s]
Initializing dictionary...  [0.001s]
Initializing temporary storage...  [0.005s]
Building reference histograms...  [4.403s]
Allocating buffers...  [0s]
Processing query block 1, reference block 9/22, shape 1/2.
Building reference seed array...  [2.316s]
Building query seed array...  [0.003s]
Computing hash join...  [0.186s]
Searching alignments...  [0.001s]
Processing query block 1, reference block 9/22, shape 2/2.
Building reference seed array...  [2.203s]
Building query seed array...  [0.002s]
Computing hash join...  [0.197s]
Searching alignments...  [0.001s]
Deallocating buffers...  [0.249s]
Clearing query masking...  [0s]
Opening temporary output file...  [0s]
Computing alignments...  [0.07s]
Deallocating reference...  [0.007s]
Loading reference sequences...  [5.127s]
Initializing dictionary...  [0.002s]
Initializing temporary storage...  [0.005s]
Building reference histograms...  [4.36s]
Allocating buffers...  [0s]
Processing query block 1, reference block 10/22, shape 1/2.
Building reference seed array...  [2.877s]
Building query seed array...  [0.003s]
Computing hash join...  [0.201s]
Searching alignments...  [0.001s]
Processing query block 1, reference block 10/22, shape 2/2.
Building reference seed array...  [2.182s]
Building query seed array...  [0.002s]
Computing hash join...  [0.213s]
Searching alignments...  [0.001s]
Deallocating buffers...  [0.285s]
Clearing query masking...  [0s]
Opening temporary output file...  [0.001s]
Computing alignments...  [0.053s]
Deallocating reference...  [0.007s]
Loading reference sequences...  [4.307s]
Initializing dictionary...  [0.002s]
Initializing temporary storage...  [0.005s]
Building reference histograms...  [4.557s]
Allocating buffers...  [0s]
Processing query block 1, reference block 11/22, shape 1/2.
Building reference seed array...  [2.162s]
Building query seed array...  [0.003s]
Computing hash join...  [0.146s]
Searching alignments...  [0.002s]
Processing query block 1, reference block 11/22, shape 2/2.
Building reference seed array...  [2.111s]
Building query seed array...  [0.003s]
Computing hash join...  [0.222s]
Searching alignments...  [0.001s]
Deallocating buffers...  [0.355s]
Clearing query masking...  [0s]
Opening temporary output file...  [0s]
Computing alignments...  [0.067s]
Deallocating reference...  [0.007s]
Loading reference sequences...  [5.134s]
Initializing dictionary...  [0.001s]
Initializing temporary storage...  [0.006s]
Building reference histograms...  [4.367s]
Allocating buffers...  [0s]
Processing query block 1, reference block 12/22, shape 1/2.
Building reference seed array...  [2.585s]
Building query seed array...  [0.003s]
Computing hash join...  [0.237s]
Searching alignments...  [0.044s]
Processing query block 1, reference block 12/22, shape 2/2.
Building reference seed array...  [2.319s]
Building query seed array...  [0.002s]
Computing hash join...  [0.216s]
Searching alignments...  [0.001s]
Deallocating buffers...  [0.302s]
Clearing query masking...  [0s]
Opening temporary output file...  [0s]
Computing alignments...  [0.074s]
Deallocating reference...  [0.006s]
Loading reference sequences...  [4.46s]
Initializing dictionary...  [0.001s]
Initializing temporary storage...  [0.006s]
Building reference histograms...  [4.275s]
Allocating buffers...  [0s]
Processing query block 1, reference block 13/22, shape 1/2.
Building reference seed array...  [2.336s]
Building query seed array...  [0.002s]
Computing hash join...  [0.178s]
Searching alignments...  [0s]
Processing query block 1, reference block 13/22, shape 2/2.
Building reference seed array...  [2.385s]
Building query seed array...  [0.003s]
Computing hash join...  [0.28s]
Searching alignments...  [0.001s]
Deallocating buffers...  [0.361s]
Clearing query masking...  [0s]
Opening temporary output file...  [0.001s]
Computing alignments...  [0.068s]
Deallocating reference...  [0.008s]
Loading reference sequences...  [4.768s]
Initializing dictionary...  [0.002s]
Initializing temporary storage...  [0.005s]
Building reference histograms...  [4.048s]
Allocating buffers...  [0s]
Processing query block 1, reference block 14/22, shape 1/2.
Building reference seed array...  [2.254s]
Building query seed array...  [0.002s]
Computing hash join...  [0.161s]
Searching alignments...  [0.001s]
Processing query block 1, reference block 14/22, shape 2/2.
Building reference seed array...  [2.189s]
Building query seed array...  [0.002s]
Computing hash join...  [0.25s]
Searching alignments...  [0.001s]
Deallocating buffers...  [0.276s]
Clearing query masking...  [0s]
Opening temporary output file...  [0s]
Computing alignments...  [0.069s]
Deallocating reference...  [0.006s]
Loading reference sequences...  [5.291s]
Initializing dictionary...  [0.002s]
Initializing temporary storage...  [0.005s]
Building reference histograms...  [4.363s]
Allocating buffers...  [0s]
Processing query block 1, reference block 15/22, shape 1/2.
Building reference seed array...  [2.436s]
Building query seed array...  [0.002s]
Computing hash join...  [0.195s]
Searching alignments...  [0.001s]
Processing query block 1, reference block 15/22, shape 2/2.
Building reference seed array...  [2.347s]
Building query seed array...  [0.002s]
Computing hash join...  [0.207s]
Searching alignments...  [0.001s]
Deallocating buffers...  [0.39s]
Clearing query masking...  [0s]
Opening temporary output file...  [0s]
Computing alignments...  [0.062s]
Deallocating reference...  [0.008s]
Loading reference sequences...  [6.137s]
Initializing dictionary...  [0.003s]
Initializing temporary storage...  [0.006s]
Building reference histograms...  [4.359s]
Allocating buffers...  [0s]
Processing query block 1, reference block 16/22, shape 1/2.
Building reference seed array...  [2.308s]
Building query seed array...  [0.003s]
Computing hash join...  [0.193s]
Searching alignments...  [0.001s]
Processing query block 1, reference block 16/22, shape 2/2.
Building reference seed array...  [2.311s]
Building query seed array...  [0.003s]
Computing hash join...  [0.213s]
Searching alignments...  [0.001s]
Deallocating buffers...  [0.37s]
Clearing query masking...  [0s]
Opening temporary output file...  [0.001s]
Computing alignments...  [0.058s]
Deallocating reference...  [0.007s]
Loading reference sequences...  [6.027s]
Initializing dictionary...  [0.003s]
Initializing temporary storage...  [0.005s]
Building reference histograms...  [4.16s]
Allocating buffers...  [0s]
Processing query block 1, reference block 17/22, shape 1/2.
Building reference seed array...  [2.399s]
Building query seed array...  [0.003s]
Computing hash join...  [0.215s]
Searching alignments...  [0.001s]
Processing query block 1, reference block 17/22, shape 2/2.
Building reference seed array...  [2.223s]
Building query seed array...  [0.003s]
Computing hash join...  [0.199s]
Searching alignments...  [0s]
Deallocating buffers...  [0.346s]
Clearing query masking...  [0s]
Opening temporary output file...  [0s]
Computing alignments...  [0.054s]
Deallocating reference...  [0.007s]
Loading reference sequences...  [5.949s]
Initializing dictionary...  [0.005s]
Initializing temporary storage...  [0.005s]
Building reference histograms...  [4.45s]
Allocating buffers...  [0s]
Processing query block 1, reference block 18/22, shape 1/2.
Building reference seed array...  [2.404s]
Building query seed array...  [0.002s]
Computing hash join...  [0.152s]
Searching alignments...  [0.002s]
Processing query block 1, reference block 18/22, shape 2/2.
Building reference seed array...  [2.113s]
Building query seed array...  [0.003s]
Computing hash join...  [0.288s]
Searching alignments...  [0.002s]
Deallocating buffers...  [0.407s]
Clearing query masking...  [0s]
Opening temporary output file...  [0.001s]
Computing alignments...  [0.051s]
Deallocating reference...  [0.008s]
Loading reference sequences...  [6.732s]
Initializing dictionary...  [0.005s]
Initializing temporary storage...  [0.006s]
Building reference histograms...  [3.935s]
Allocating buffers...  [0s]
Processing query block 1, reference block 19/22, shape 1/2.
Building reference seed array...  [2.478s]
Building query seed array...  [0.003s]
Computing hash join...  [0.162s]
Searching alignments...  [0.001s]
Processing query block 1, reference block 19/22, shape 2/2.
Building reference seed array...  [2.255s]
Building query seed array...  [0.003s]
Computing hash join...  [0.239s]
Searching alignments...  [0.001s]
Deallocating buffers...  [0.495s]
Clearing query masking...  [0s]
Opening temporary output file...  [0.001s]
Computing alignments...  [0.05s]
Deallocating reference...  [0.01s]
Loading reference sequences...  [6.945s]
Initializing dictionary...  [0.005s]
Initializing temporary storage...  [0.005s]
Building reference histograms...  [3.841s]
Allocating buffers...  [0s]
Processing query block 1, reference block 20/22, shape 1/2.
Building reference seed array...  [2.386s]
Building query seed array...  [0.002s]
Computing hash join...  [0.174s]
Searching alignments...  [0.001s]
Processing query block 1, reference block 20/22, shape 2/2.
Building reference seed array...  [2.262s]
Building query seed array...  [0.003s]
Computing hash join...  [0.199s]
Searching alignments...  [0.001s]
Deallocating buffers...  [0.431s]
Clearing query masking...  [0s]
Opening temporary output file...  [0.001s]
Computing alignments...  [0.037s]
Deallocating reference...  [0.008s]
Loading reference sequences...  [7.445s]
Initializing dictionary...  [0.04s]
Initializing temporary storage...  [0.005s]
Building reference histograms...  [4.055s]
Allocating buffers...  [0s]
Processing query block 1, reference block 21/22, shape 1/2.
Building reference seed array...  [2.427s]
Building query seed array...  [0.003s]
Computing hash join...  [0.192s]
Searching alignments...  [0.001s]
Processing query block 1, reference block 21/22, shape 2/2.
Building reference seed array...  [2.302s]
Building query seed array...  [0.002s]
Computing hash join...  [0.215s]
Searching alignments...  [0s]
Deallocating buffers...  [0.619s]
Clearing query masking...  [0s]
Opening temporary output file...  [0s]
Computing alignments...  [0.028s]
Deallocating reference...  [0.015s]
Loading reference sequences...  [8.485s]
Initializing dictionary...  [0.045s]
Initializing temporary storage...  [0.005s]
Building reference histograms...  [3.513s]
Allocating buffers...  [0s]
Processing query block 1, reference block 22/22, shape 1/2.
Building reference seed array...  [2.051s]
Building query seed array...  [0.002s]
Computing hash join...  [0.117s]
Searching alignments...  [0.001s]
Processing query block 1, reference block 22/22, shape 2/2.
Building reference seed array...  [1.9s]
Building query seed array...  [0.002s]
Computing hash join...  [0.172s]
Searching alignments...  [0.001s]
Deallocating buffers...  [0.45s]
Clearing query masking...  [0s]
Opening temporary output file...  [0s]
Computing alignments...  [0.026s]
Deallocating reference...  [0.016s]
Loading reference sequences...  [0.078s]
Deallocating buffers...  [0s]
Joining output blocks... Joining output blocks...  [0.026s]
 [0.043s]
Deallocating queries...  [0s]
Loading query sequences...  [0s]
Closing the input file...  [0s]
Closing the output file...  [0.001s]
Cleaning up...  [0s]
Total time = 337.382s
Reported 25 pairwise alignments, 25 HSPs.
1 queries aligned.

real	5m37.493s
user	36m49.398s
sys	2m16.056s
