  An environment variable "DIAMONDDB" has been set to the DIAMOND databse directory.

  USAGE EXAMPLE:
    diamond blastp --db ${DIAMONDDB}/nr.dmnd -q sequence.fasta -p 4  -o result.out

  NOTE:
     This is version 3 database format. DIAMOND software version should be >=2.04.
     ===> DIAMOND ver. 2.0.15.153 has been loaded.
  
diamond v2.0.15.153 (C) Max Planck Society for the Advancement of Science
Documentation, support and updates available at http://www.diamondsearch.org
Please cite: http://dx.doi.org/10.1038/s41592-021-01101-x Nature Methods (2021)

#CPU threads: 16
Scoring parameters: (Matrix=BLOSUM62 Lambda=0.267 K=0.041 Penalties=11/1)
Temporary directory: 
#Target sequences to report alignments for: 25
Opening the database...  [0.188s]
Database: /bucket/BioinfoUgrp/DB/diamondDB/ncbi/2022-07/nr.dmnd (type: Diamond database, sequences: 492760762, letters: 190859634892)
Block size = 2000000000
Opening the input file...  [0.001s]
Opening the output file...  [0s]
Loading query sequences...  [0s]
Masking queries...  [0.001s]
Building query seed set...  [0.002s]
Algorithm: Query-indexed
Building query histograms...  [0.002s]
Allocating buffers...  [0s]
Loading reference sequences...  [5.942s]
Initializing dictionary...  [0.005s]
Initializing temporary storage...  [0.005s]
Building reference histograms...  [4.089s]
Allocating buffers...  [0s]
Processing query block 1, reference block 1/96, shape 1/2.
Building reference seed array...  [2.139s]
Building query seed array...  [0.003s]
Computing hash join...  [0.193s]
Searching alignments...  [0.004s]
Processing query block 1, reference block 1/96, shape 2/2.
Building reference seed array...  [2.114s]
Building query seed array...  [0.002s]
Computing hash join...  [0.195s]
Searching alignments...  [0.001s]
Deallocating buffers...  [0.012s]
Clearing query masking...  [0s]
Opening temporary output file...  [0s]
Computing alignments...  [0.535s]
Deallocating reference...  [0.009s]
Loading reference sequences...  [6.077s]
Initializing dictionary...  [0.002s]
Initializing temporary storage...  [0.006s]
Building reference histograms...  [3.995s]
Allocating buffers...  [0s]
Processing query block 1, reference block 2/96, shape 1/2.
Building reference seed array...  [2.146s]
Building query seed array...  [0.002s]
Computing hash join...  [0.181s]
Searching alignments...  [0.001s]
Processing query block 1, reference block 2/96, shape 2/2.
Building reference seed array...  [2.508s]
Building query seed array...  [0.002s]
Computing hash join...  [0.261s]
Searching alignments...  [0.002s]
Deallocating buffers...  [0.276s]
Clearing query masking...  [0s]
Opening temporary output file...  [0s]
Computing alignments...  [0.253s]
Deallocating reference...  [0.008s]
Loading reference sequences...  [5.988s]
Initializing dictionary...  [0.002s]
Initializing temporary storage...  [0.006s]
Building reference histograms...  [3.769s]
Allocating buffers...  [0s]
Processing query block 1, reference block 3/96, shape 1/2.
Building reference seed array...  [2.384s]
Building query seed array...  [0.002s]
Computing hash join...  [0.23s]
Searching alignments...  [0.002s]
Processing query block 1, reference block 3/96, shape 2/2.
Building reference seed array...  [2.029s]
Building query seed array...  [0.002s]
Computing hash join...  [0.17s]
Searching alignments...  [0.001s]
Deallocating buffers...  [0.301s]
Clearing query masking...  [0s]
Opening temporary output file...  [0s]
Computing alignments...  [0.044s]
Deallocating reference...  [0.007s]
Loading reference sequences...  [5.874s]
Initializing dictionary...  [0.002s]
Initializing temporary storage...  [0.006s]
Building reference histograms...  [3.516s]
Allocating buffers...  [0s]
Processing query block 1, reference block 4/96, shape 1/2.
Building reference seed array...  [2.037s]
Building query seed array...  [0.002s]
Computing hash join...  [0.172s]
Searching alignments...  [0.002s]
Processing query block 1, reference block 4/96, shape 2/2.
Building reference seed array...  [2.229s]
Building query seed array...  [0.002s]
Computing hash join...  [0.229s]
Searching alignments...  [0.002s]
Deallocating buffers...  [0.367s]
Clearing query masking...  [0s]
Opening temporary output file...  [0.001s]
Computing alignments...  [0.519s]
Deallocating reference...  [0.008s]
Loading reference sequences...  [5.825s]
Initializing dictionary...  [0.002s]
Initializing temporary storage...  [0.005s]
Building reference histograms...  [4.28s]
Allocating buffers...  [0s]
Processing query block 1, reference block 5/96, shape 1/2.
Building reference seed array...  [2.315s]
Building query seed array...  [0.003s]
Computing hash join...  [0.205s]
Searching alignments...  [0.002s]
Processing query block 1, reference block 5/96, shape 2/2.
Building reference seed array...  [2.179s]
Building query seed array...  [0.002s]
Computing hash join...  [0.219s]
Searching alignments...  [0.001s]
Deallocating buffers...  [0.365s]
Clearing query masking...  [0s]
Opening temporary output file...  [0s]
Computing alignments...  [0.078s]
Deallocating reference...  [0.008s]
Loading reference sequences...  [6.186s]
Initializing dictionary...  [0.002s]
Initializing temporary storage...  [0.006s]
Building reference histograms...  [3.975s]
Allocating buffers...  [0s]
Processing query block 1, reference block 6/96, shape 1/2.
Building reference seed array...  [2.176s]
Building query seed array...  [0.002s]
Computing hash join...  [0.193s]
Searching alignments...  [0.001s]
Processing query block 1, reference block 6/96, shape 2/2.
Building reference seed array...  [2.533s]
Building query seed array...  [0.002s]
Computing hash join...  [0.258s]
Searching alignments...  [0.001s]
Deallocating buffers...  [0.349s]
Clearing query masking...  [0s]
Opening temporary output file...  [0s]
Computing alignments...  [0.051s]
Deallocating reference...  [0.008s]
Loading reference sequences...  [5.736s]
Initializing dictionary...  [0.002s]
Initializing temporary storage...  [0.006s]
Building reference histograms...  [4.372s]
Allocating buffers...  [0s]
Processing query block 1, reference block 7/96, shape 1/2.
Building reference seed array...  [2.655s]
Building query seed array...  [0.002s]
Computing hash join...  [0.201s]
Searching alignments...  [0.001s]
Processing query block 1, reference block 7/96, shape 2/2.
Building reference seed array...  [2.336s]
Building query seed array...  [0.002s]
Computing hash join...  [0.257s]
Searching alignments...  [0.001s]
Deallocating buffers...  [0.375s]
Clearing query masking...  [0s]
Opening temporary output file...  [0s]
Computing alignments...  [0.051s]
Deallocating reference...  [0.008s]
Loading reference sequences...  [5.865s]
Initializing dictionary...  [0.002s]
Initializing temporary storage...  [0.006s]
Building reference histograms...  [3.649s]
Allocating buffers...  [0s]
Processing query block 1, reference block 8/96, shape 1/2.
Building reference seed array...  [2.288s]
Building query seed array...  [0.002s]
Computing hash join...  [0.192s]
Searching alignments...  [0.001s]
Processing query block 1, reference block 8/96, shape 2/2.
Building reference seed array...  [2.248s]
Building query seed array...  [0.002s]
Computing hash join...  [0.27s]
Searching alignments...  [0.001s]
Deallocating buffers...  [0.351s]
Clearing query masking...  [0s]
Opening temporary output file...  [0s]
Computing alignments...  [0.053s]
Deallocating reference...  [0.008s]
Loading reference sequences...  [7.607s]
Initializing dictionary...  [0.002s]
Initializing temporary storage...  [0.005s]
Building reference histograms...  [3.558s]
Allocating buffers...  [0s]
Processing query block 1, reference block 9/96, shape 1/2.
Building reference seed array...  [2.384s]
Building query seed array...  [0.002s]
Computing hash join...  [0.189s]
Searching alignments...  [0.002s]
Processing query block 1, reference block 9/96, shape 2/2.
Building reference seed array...  [2.021s]
Building query seed array...  [0.002s]
Computing hash join...  [0.176s]
Searching alignments...  [0.001s]
Deallocating buffers...  [0.369s]
Clearing query masking...  [0s]
Opening temporary output file...  [0.001s]
Computing alignments...  [0.055s]
Deallocating reference...  [0.008s]
Loading reference sequences...  [5.796s]
Initializing dictionary...  [0.002s]
Initializing temporary storage...  [0.006s]
Building reference histograms...  [4.22s]
Allocating buffers...  [0s]
Processing query block 1, reference block 10/96, shape 1/2.
Building reference seed array...  [2.093s]
Building query seed array...  [0.002s]
Computing hash join...  [0.152s]
Searching alignments...  [0.001s]
Processing query block 1, reference block 10/96, shape 2/2.
Building reference seed array...  [2.087s]
Building query seed array...  [0.002s]
Computing hash join...  [0.215s]
Searching alignments...  [0.001s]
Deallocating buffers...  [0.358s]
Clearing query masking...  [0s]
Opening temporary output file...  [0.001s]
Computing alignments...  [0.059s]
Deallocating reference...  [0.009s]
Loading reference sequences...  [5.837s]
Initializing dictionary...  [0.002s]
Initializing temporary storage...  [0.005s]
Building reference histograms...  [3.847s]
Allocating buffers...  [0s]
Processing query block 1, reference block 11/96, shape 1/2.
Building reference seed array...  [2.222s]
Building query seed array...  [0.002s]
Computing hash join...  [0.148s]
Searching alignments...  [0.001s]
Processing query block 1, reference block 11/96, shape 2/2.
Building reference seed array...  [2.337s]
Building query seed array...  [0.002s]
Computing hash join...  [0.252s]
Searching alignments...  [0.001s]
Deallocating buffers...  [0.385s]
Clearing query masking...  [0s]
Opening temporary output file...  [0s]
Computing alignments...  [0.058s]
Deallocating reference...  [0.008s]
Loading reference sequences...  [5.899s]
Initializing dictionary...  [0.002s]
Initializing temporary storage...  [0.005s]
Building reference histograms...  [4.052s]
Allocating buffers...  [0s]
Processing query block 1, reference block 12/96, shape 1/2.
Building reference seed array...  [2.257s]
Building query seed array...  [0.002s]
Computing hash join...  [0.147s]
Searching alignments...  [0.001s]
Processing query block 1, reference block 12/96, shape 2/2.
Building reference seed array...  [1.978s]
Building query seed array...  [0.002s]
Computing hash join...  [0.239s]
Searching alignments...  [0.001s]
Deallocating buffers...  [0.36s]
Clearing query masking...  [0s]
Opening temporary output file...  [0s]
Computing alignments...  [0.055s]
Deallocating reference...  [0.008s]
Loading reference sequences...  [5.429s]
Initializing dictionary...  [0.002s]
Initializing temporary storage...  [0.006s]
Building reference histograms...  [4.126s]
Allocating buffers...  [0s]
Processing query block 1, reference block 13/96, shape 1/2.
Building reference seed array...  [2.286s]
Building query seed array...  [0.002s]
Computing hash join...  [0.192s]
Searching alignments...  [0.002s]
Processing query block 1, reference block 13/96, shape 2/2.
Building reference seed array...  [2.123s]
Building query seed array...  [0.002s]
Computing hash join...  [0.197s]
Searching alignments...  [0.001s]
Deallocating buffers...  [0.313s]
Clearing query masking...  [0s]
Opening temporary output file...  [0s]
Computing alignments...  [0.053s]
Deallocating reference...  [0.007s]
Loading reference sequences...  [5.5s]
Initializing dictionary...  [0.002s]
Initializing temporary storage...  [0.005s]
Building reference histograms...  [4.243s]
Allocating buffers...  [0s]
Processing query block 1, reference block 14/96, shape 1/2.
Building reference seed array...  [2.401s]
Building query seed array...  [0.002s]
Computing hash join...  [0.193s]
Searching alignments...  [0.003s]
Processing query block 1, reference block 14/96, shape 2/2.
Building reference seed array...  [2.191s]
Building query seed array...  [0.002s]
Computing hash join...  [0.218s]
Searching alignments...  [0.002s]
Deallocating buffers...  [0.368s]
Clearing query masking...  [0s]
Opening temporary output file...  [0s]
Computing alignments...  [0.053s]
Deallocating reference...  [0.008s]
Loading reference sequences...  [5.696s]
Initializing dictionary...  [0.002s]
Initializing temporary storage...  [0.005s]
Building reference histograms...  [3.843s]
Allocating buffers...  [0s]
Processing query block 1, reference block 15/96, shape 1/2.
Building reference seed array...  [2.359s]
Building query seed array...  [0.002s]
Computing hash join...  [0.178s]
Searching alignments...  [0.002s]
Processing query block 1, reference block 15/96, shape 2/2.
Building reference seed array...  [2.314s]
Building query seed array...  [0.002s]
Computing hash join...  [0.227s]
Searching alignments...  [0.001s]
Deallocating buffers...  [0.374s]
Clearing query masking...  [0s]
Opening temporary output file...  [0s]
Computing alignments...  [0.049s]
Deallocating reference...  [0.008s]
Loading reference sequences...  [5.555s]
Initializing dictionary...  [0.002s]
Initializing temporary storage...  [0.005s]
Building reference histograms...  [4.188s]
Allocating buffers...  [0s]
Processing query block 1, reference block 16/96, shape 1/2.
Building reference seed array...  [2.376s]
Building query seed array...  [0.002s]
Computing hash join...  [0.181s]
Searching alignments...  [0.002s]
Processing query block 1, reference block 16/96, shape 2/2.
Building reference seed array...  [2.265s]
Building query seed array...  [0.002s]
Computing hash join...  [0.22s]
Searching alignments...  [0.001s]
Deallocating buffers...  [0.374s]
Clearing query masking...  [0s]
Opening temporary output file...  [0s]
Computing alignments...  [0.052s]
Deallocating reference...  [0.008s]
Loading reference sequences...  [8.382s]
Initializing dictionary...  [0.002s]
Initializing temporary storage...  [0.008s]
Building reference histograms...  [4.084s]
Allocating buffers...  [0s]
Processing query block 1, reference block 17/96, shape 1/2.
Building reference seed array...  [2.306s]
Building query seed array...  [0.002s]
Computing hash join...  [0.143s]
Searching alignments...  [0.001s]
Processing query block 1, reference block 17/96, shape 2/2.
Building reference seed array...  [2.097s]
Building query seed array...  [0.002s]
Computing hash join...  [0.209s]
Searching alignments...  [0.001s]
Deallocating buffers...  [0.38s]
Clearing query masking...  [0s]
Opening temporary output file...  [0s]
Computing alignments...  [0.052s]
Deallocating reference...  [0.008s]
Loading reference sequences...  [5.864s]
Initializing dictionary...  [0.002s]
Initializing temporary storage...  [0.006s]
Building reference histograms...  [4.106s]
Allocating buffers...  [0s]
Processing query block 1, reference block 18/96, shape 1/2.
Building reference seed array...  [2.513s]
Building query seed array...  [0.002s]
Computing hash join...  [0.241s]
Searching alignments...  [0.001s]
Processing query block 1, reference block 18/96, shape 2/2.
Building reference seed array...  [2.23s]
Building query seed array...  [0.002s]
Computing hash join...  [0.192s]
Searching alignments...  [0.001s]
Deallocating buffers...  [0.37s]
Clearing query masking...  [0s]
Opening temporary output file...  [0.001s]
Computing alignments...  [0.054s]
Deallocating reference...  [0.008s]
Loading reference sequences...  [5.301s]
Initializing dictionary...  [0.002s]
Initializing temporary storage...  [0.005s]
Building reference histograms...  [3.55s]
Allocating buffers...  [0s]
Processing query block 1, reference block 19/96, shape 1/2.
Building reference seed array...  [2.151s]
Building query seed array...  [0.002s]
Computing hash join...  [0.207s]
Searching alignments...  [0.002s]
Processing query block 1, reference block 19/96, shape 2/2.
Building reference seed array...  [2.315s]
Building query seed array...  [0.002s]
Computing hash join...  [0.254s]
Searching alignments...  [0.001s]
Deallocating buffers...  [0.384s]
Clearing query masking...  [0s]
Opening temporary output file...  [0s]
Computing alignments...  [0.05s]
Deallocating reference...  [0.008s]
Loading reference sequences...  [5.6s]
Initializing dictionary...  [0.002s]
Initializing temporary storage...  [0.005s]
Building reference histograms...  [4.32s]
Allocating buffers...  [0s]
Processing query block 1, reference block 20/96, shape 1/2.
Building reference seed array...  [2.408s]
Building query seed array...  [0.002s]
Computing hash join...  [0.219s]
Searching alignments...  [0.001s]
Processing query block 1, reference block 20/96, shape 2/2.
Building reference seed array...  [2.504s]
Building query seed array...  [0.002s]
Computing hash join...  [0.249s]
Searching alignments...  [0.001s]
Deallocating buffers...  [0.375s]
Clearing query masking...  [0s]
Opening temporary output file...  [0s]
Computing alignments...  [0.053s]
Deallocating reference...  [0.008s]
Loading reference sequences...  [5.753s]
Initializing dictionary...  [0.002s]
Initializing temporary storage...  [0.006s]
Building reference histograms...  [3.553s]
Allocating buffers...  [0s]
Processing query block 1, reference block 21/96, shape 1/2.
Building reference seed array...  [2.364s]
Building query seed array...  [0.002s]
Computing hash join...  [0.173s]
Searching alignments...  [0.001s]
Processing query block 1, reference block 21/96, shape 2/2.
Building reference seed array...  [1.936s]
Building query seed array...  [0.002s]
Computing hash join...  [0.164s]
Searching alignments...  [0.001s]
Deallocating buffers...  [0.307s]
Clearing query masking...  [0s]
Opening temporary output file...  [0s]
Computing alignments...  [0.052s]
Deallocating reference...  [0.006s]
Loading reference sequences...  [5.53s]
Initializing dictionary...  [0.002s]
Initializing temporary storage...  [0.005s]
Building reference histograms...  [4.121s]
Allocating buffers...  [0s]
Processing query block 1, reference block 22/96, shape 1/2.
Building reference seed array...  [2.398s]
Building query seed array...  [0.002s]
Computing hash join...  [0.208s]
Searching alignments...  [0.002s]
Processing query block 1, reference block 22/96, shape 2/2.
Building reference seed array...  [2.53s]
Building query seed array...  [0.003s]
Computing hash join...  [0.242s]
Searching alignments...  [0.002s]
Deallocating buffers...  [0.474s]
Clearing query masking...  [0s]
Opening temporary output file...  [0s]
Computing alignments...  [0.052s]
Deallocating reference...  [0.008s]
Loading reference sequences...  [5.736s]
Initializing dictionary...  [0.002s]
Initializing temporary storage...  [0.006s]
Building reference histograms...  [3.985s]
Allocating buffers...  [0s]
Processing query block 1, reference block 23/96, shape 1/2.
Building reference seed array...  [2.417s]
Building query seed array...  [0.002s]
Computing hash join...  [0.198s]
Searching alignments...  [0.001s]
Processing query block 1, reference block 23/96, shape 2/2.
Building reference seed array...  [2.225s]
Building query seed array...  [0.002s]
Computing hash join...  [0.202s]
Searching alignments...  [0.001s]
Deallocating buffers...  [0.355s]
Clearing query masking...  [0s]
Opening temporary output file...  [0s]
Computing alignments...  [0.057s]
Deallocating reference...  [0.008s]
Loading reference sequences...  [5.332s]
Initializing dictionary...  [0.002s]
Initializing temporary storage...  [0.005s]
Building reference histograms...  [4.477s]
Allocating buffers...  [0s]
Processing query block 1, reference block 24/96, shape 1/2.
Building reference seed array...  [2.455s]
Building query seed array...  [0.002s]
Computing hash join...  [0.218s]
Searching alignments...  [0.002s]
Processing query block 1, reference block 24/96, shape 2/2.
Building reference seed array...  [1.98s]
Building query seed array...  [0.002s]
Computing hash join...  [0.177s]
Searching alignments...  [0.001s]
Deallocating buffers...  [0.3s]
Clearing query masking...  [0s]
Opening temporary output file...  [0s]
Computing alignments...  [0.046s]
Deallocating reference...  [0.006s]
Loading reference sequences...  [5.338s]
Initializing dictionary...  [0.004s]
Initializing temporary storage...  [0.005s]
Building reference histograms...  [3.836s]
Allocating buffers...  [0s]
Processing query block 1, reference block 25/96, shape 1/2.
Building reference seed array...  [2.304s]
Building query seed array...  [0.002s]
Computing hash join...  [0.182s]
Searching alignments...  [0.002s]
Processing query block 1, reference block 25/96, shape 2/2.
Building reference seed array...  [2.227s]
Building query seed array...  [0.002s]
Computing hash join...  [0.208s]
Searching alignments...  [0.001s]
Deallocating buffers...  [0.38s]
Clearing query masking...  [0s]
Opening temporary output file...  [0s]
Computing alignments...  [0.05s]
Deallocating reference...  [0.009s]
Loading reference sequences...  [5.561s]
Initializing dictionary...  [0.002s]
Initializing temporary storage...  [0.005s]
Building reference histograms...  [4.157s]
Allocating buffers...  [0s]
Processing query block 1, reference block 26/96, shape 1/2.
Building reference seed array...  [2.292s]
Building query seed array...  [0.002s]
Computing hash join...  [0.199s]
Searching alignments...  [0.001s]
Processing query block 1, reference block 26/96, shape 2/2.
Building reference seed array...  [2.046s]
Building query seed array...  [0.002s]
Computing hash join...  [0.189s]
Searching alignments...  [0.001s]
Deallocating buffers...  [0.359s]
Clearing query masking...  [0s]
Opening temporary output file...  [0s]
Computing alignments...  [0.056s]
Deallocating reference...  [0.008s]
Loading reference sequences...  [5.239s]
Initializing dictionary...  [0.002s]
Initializing temporary storage...  [0.005s]
Building reference histograms...  [3.53s]
Allocating buffers...  [0s]
Processing query block 1, reference block 27/96, shape 1/2.
Building reference seed array...  [2.272s]
Building query seed array...  [0.002s]
Computing hash join...  [0.166s]
Searching alignments...  [0.001s]
Processing query block 1, reference block 27/96, shape 2/2.
Building reference seed array...  [2.311s]
Building query seed array...  [0.002s]
Computing hash join...  [0.236s]
Searching alignments...  [0.002s]
Deallocating buffers...  [0.378s]
Clearing query masking...  [0s]
Opening temporary output file...  [0s]
Computing alignments...  [0.053s]
Deallocating reference...  [0.008s]
Loading reference sequences...  [5.624s]
Initializing dictionary...  [0.002s]
Initializing temporary storage...  [0.005s]
Building reference histograms...  [4.045s]
Allocating buffers...  [0s]
Processing query block 1, reference block 28/96, shape 1/2.
Building reference seed array...  [2.293s]
Building query seed array...  [0.002s]
Computing hash join...  [0.173s]
Searching alignments...  [0.001s]
Processing query block 1, reference block 28/96, shape 2/2.
Building reference seed array...  [2.051s]
Building query seed array...  [0.002s]
Computing hash join...  [0.162s]
Searching alignments...  [0.001s]
Deallocating buffers...  [0.333s]
Clearing query masking...  [0s]
Opening temporary output file...  [0s]
Computing alignments...  [0.054s]
Deallocating reference...  [0.008s]
Loading reference sequences...  [5.563s]
Initializing dictionary...  [0.002s]
Initializing temporary storage...  [0.005s]
Building reference histograms...  [3.852s]
Allocating buffers...  [0s]
Processing query block 1, reference block 29/96, shape 1/2.
Building reference seed array...  [2.603s]
Building query seed array...  [0.002s]
Computing hash join...  [0.204s]
Searching alignments...  [0.001s]
Processing query block 1, reference block 29/96, shape 2/2.
Building reference seed array...  [2.716s]
Building query seed array...  [0.002s]
Computing hash join...  [0.243s]
Searching alignments...  [0.001s]
Deallocating buffers...  [0.37s]
Clearing query masking...  [0s]
Opening temporary output file...  [0s]
Computing alignments...  [0.05s]
Deallocating reference...  [0.008s]
Loading reference sequences...  [5.533s]
Initializing dictionary...  [0.002s]
Initializing temporary storage...  [0.005s]
Building reference histograms...  [3.95s]
Allocating buffers...  [0s]
Processing query block 1, reference block 30/96, shape 1/2.
Building reference seed array...  [2.52s]
Building query seed array...  [0.002s]
Computing hash join...  [0.215s]
Searching alignments...  [0.001s]
Processing query block 1, reference block 30/96, shape 2/2.
Building reference seed array...  [2.299s]
Building query seed array...  [0.002s]
Computing hash join...  [0.213s]
Searching alignments...  [0.001s]
Deallocating buffers...  [0.373s]
Clearing query masking...  [0s]
Opening temporary output file...  [0s]
Computing alignments...  [0.05s]
Deallocating reference...  [0.008s]
Loading reference sequences...  [5.776s]
Initializing dictionary...  [0.002s]
Initializing temporary storage...  [0.005s]
Building reference histograms...  [3.776s]
Allocating buffers...  [0s]
Processing query block 1, reference block 31/96, shape 1/2.
Building reference seed array...  [2.433s]
Building query seed array...  [0.002s]
Computing hash join...  [0.188s]
Searching alignments...  [0.001s]
Processing query block 1, reference block 31/96, shape 2/2.
Building reference seed array...  [2.608s]
Building query seed array...  [0.002s]
Computing hash join...  [0.248s]
Searching alignments...  [0.001s]
Deallocating buffers...  [0.376s]
Clearing query masking...  [0s]
Opening temporary output file...  [0s]
Computing alignments...  [0.052s]
Deallocating reference...  [0.008s]
Loading reference sequences...  [5.541s]
Initializing dictionary...  [0.002s]
Initializing temporary storage...  [0.005s]
Building reference histograms...  [4.609s]
Allocating buffers...  [0s]
Processing query block 1, reference block 32/96, shape 1/2.
Building reference seed array...  [2.428s]
Building query seed array...  [0.002s]
Computing hash join...  [0.207s]
Searching alignments...  [0.001s]
Processing query block 1, reference block 32/96, shape 2/2.
Building reference seed array...  [2.152s]
Building query seed array...  [0.002s]
Computing hash join...  [0.215s]
Searching alignments...  [0.001s]
Deallocating buffers...  [0.33s]
Clearing query masking...  [0s]
Opening temporary output file...  [0s]
Computing alignments...  [0.052s]
Deallocating reference...  [0.007s]
Loading reference sequences...  [5.229s]
Initializing dictionary...  [0.002s]
Initializing temporary storage...  [0.005s]
Building reference histograms...  [4.232s]
Allocating buffers...  [0s]
Processing query block 1, reference block 33/96, shape 1/2.
Building reference seed array...  [2.286s]
Building query seed array...  [0.002s]
Computing hash join...  [0.166s]
Searching alignments...  [0.001s]
Processing query block 1, reference block 33/96, shape 2/2.
Building reference seed array...  [2.296s]
Building query seed array...  [0.002s]
Computing hash join...  [0.241s]
Searching alignments...  [0.001s]
Deallocating buffers...  [0.376s]
Clearing query masking...  [0s]
Opening temporary output file...  [0s]
Computing alignments...  [0.051s]
Deallocating reference...  [0.008s]
Loading reference sequences...  [8.953s]
Initializing dictionary...  [0.002s]
Initializing temporary storage...  [0.005s]
Building reference histograms...  [4.297s]
Allocating buffers...  [0s]
Processing query block 1, reference block 34/96, shape 1/2.
Building reference seed array...  [2.621s]
Building query seed array...  [0.002s]
Computing hash join...  [0.231s]
Searching alignments...  [0.001s]
Processing query block 1, reference block 34/96, shape 2/2.
Building reference seed array...  [2.104s]
Building query seed array...  [0.002s]
Computing hash join...  [0.184s]
Searching alignments...  [0.001s]
Deallocating buffers...  [0.302s]
Clearing query masking...  [0s]
Opening temporary output file...  [0s]
Computing alignments...  [0.052s]
Deallocating reference...  [0.007s]
Loading reference sequences...  [5.871s]
Initializing dictionary...  [0.002s]
Initializing temporary storage...  [0.005s]
Building reference histograms...  [3.766s]
Allocating buffers...  [0s]
Processing query block 1, reference block 35/96, shape 1/2.
Building reference seed array...  [2.327s]
Building query seed array...  [0.002s]
Computing hash join...  [0.21s]
Searching alignments...  [0.001s]
Processing query block 1, reference block 35/96, shape 2/2.
Building reference seed array...  [2.809s]
Building query seed array...  [0.003s]
Computing hash join...  [0.24s]
Searching alignments...  [0.001s]
Deallocating buffers...  [0.469s]
Clearing query masking...  [0s]
Opening temporary output file...  [0s]
Computing alignments...  [0.051s]
Deallocating reference...  [0.009s]
Loading reference sequences...  [5.359s]
Initializing dictionary...  [0.002s]
Initializing temporary storage...  [0.005s]
Building reference histograms...  [4.309s]
Allocating buffers...  [0s]
Processing query block 1, reference block 36/96, shape 1/2.
Building reference seed array...  [2.066s]
Building query seed array...  [0.002s]
Computing hash join...  [0.142s]
Searching alignments...  [0.001s]
Processing query block 1, reference block 36/96, shape 2/2.
Building reference seed array...  [1.94s]
Building query seed array...  [0.002s]
Computing hash join...  [0.263s]
Searching alignments...  [0.001s]
Deallocating buffers...  [0.372s]
Clearing query masking...  [0s]
Opening temporary output file...  [0s]
Computing alignments...  [0.056s]
Deallocating reference...  [0.008s]
Loading reference sequences...  [5.526s]
Initializing dictionary...  [0.002s]
Initializing temporary storage...  [0.005s]
Building reference histograms...  [4.044s]
Allocating buffers...  [0s]
Processing query block 1, reference block 37/96, shape 1/2.
Building reference seed array...  [2.062s]
Building query seed array...  [0.002s]
Computing hash join...  [0.137s]
Searching alignments...  [0.001s]
Processing query block 1, reference block 37/96, shape 2/2.
Building reference seed array...  [2.061s]
Building query seed array...  [0.002s]
Computing hash join...  [0.223s]
Searching alignments...  [0.001s]
Deallocating buffers...  [0.364s]
Clearing query masking...  [0s]
Opening temporary output file...  [0.001s]
Computing alignments...  [0.053s]
Deallocating reference...  [0.008s]
Loading reference sequences...  [5.542s]
Initializing dictionary...  [0.002s]
Initializing temporary storage...  [0.006s]
Building reference histograms...  [4.05s]
Allocating buffers...  [0s]
Processing query block 1, reference block 38/96, shape 1/2.
Building reference seed array...  [2.198s]
Building query seed array...  [0.002s]
Computing hash join...  [0.217s]
Searching alignments...  [0.001s]
Processing query block 1, reference block 38/96, shape 2/2.
Building reference seed array...  [2.41s]
Building query seed array...  [0.003s]
Computing hash join...  [0.271s]
Searching alignments...  [0.001s]
Deallocating buffers...  [0.375s]
Clearing query masking...  [0s]
Opening temporary output file...  [0s]
Computing alignments...  [0.052s]
Deallocating reference...  [0.008s]
Loading reference sequences...  [5.806s]
Initializing dictionary...  [0.002s]
Initializing temporary storage...  [0.006s]
Building reference histograms...  [3.85s]
Allocating buffers...  [0s]
Processing query block 1, reference block 39/96, shape 1/2.
Building reference seed array...  [2.447s]
Building query seed array...  [0.002s]
Computing hash join...  [0.203s]
Searching alignments...  [0.001s]
Processing query block 1, reference block 39/96, shape 2/2.
Building reference seed array...  [2.206s]
Building query seed array...  [0.002s]
Computing hash join...  [0.216s]
Searching alignments...  [0.001s]
Deallocating buffers...  [0.322s]
Clearing query masking...  [0s]
Opening temporary output file...  [0.001s]
Computing alignments...  [0.053s]
Deallocating reference...  [0.007s]
Loading reference sequences...  [5.163s]
Initializing dictionary...  [0.002s]
Initializing temporary storage...  [0.006s]
Building reference histograms...  [4.172s]
Allocating buffers...  [0s]
Processing query block 1, reference block 40/96, shape 1/2.
Building reference seed array...  [2.336s]
Building query seed array...  [0.002s]
Computing hash join...  [0.215s]
Searching alignments...  [0.001s]
Processing query block 1, reference block 40/96, shape 2/2.
Building reference seed array...  [2.496s]
Building query seed array...  [0.002s]
Computing hash join...  [0.246s]
Searching alignments...  [0.001s]
Deallocating buffers...  [0.369s]
Clearing query masking...  [0s]
Opening temporary output file...  [0s]
Computing alignments...  [0.056s]
Deallocating reference...  [0.009s]
Loading reference sequences...  [6.404s]
Initializing dictionary...  [0.002s]
Initializing temporary storage...  [0.005s]
Building reference histograms...  [4.315s]
Allocating buffers...  [0s]
Processing query block 1, reference block 41/96, shape 1/2.
Building reference seed array...  [2.3s]
Building query seed array...  [0.002s]
Computing hash join...  [0.203s]
Searching alignments...  [0.001s]
Processing query block 1, reference block 41/96, shape 2/2.
Building reference seed array...  [2.022s]
Building query seed array...  [0.002s]
Computing hash join...  [0.185s]
Searching alignments...  [0.001s]
Deallocating buffers...  [0.367s]
Clearing query masking...  [0s]
Opening temporary output file...  [0s]
Computing alignments...  [0.05s]
Deallocating reference...  [0.008s]
Loading reference sequences...  [6.802s]
Initializing dictionary...  [0.003s]
Initializing temporary storage...  [0.006s]
Building reference histograms...  [4.147s]
Allocating buffers...  [0s]
Processing query block 1, reference block 42/96, shape 1/2.
Building reference seed array...  [2.221s]
Building query seed array...  [0.002s]
Computing hash join...  [0.155s]
Searching alignments...  [0.001s]
Processing query block 1, reference block 42/96, shape 2/2.
Building reference seed array...  [1.804s]
Building query seed array...  [0.002s]
Computing hash join...  [0.192s]
Searching alignments...  [0.001s]
Deallocating buffers...  [0.369s]
Clearing query masking...  [0s]
Opening temporary output file...  [0.001s]
Computing alignments...  [0.05s]
Deallocating reference...  [0.008s]
Loading reference sequences...  [6.099s]
Initializing dictionary...  [0.002s]
Initializing temporary storage...  [0.005s]
Building reference histograms...  [3.639s]
Allocating buffers...  [0s]
Processing query block 1, reference block 43/96, shape 1/2.
Building reference seed array...  [2.398s]
Building query seed array...  [0.002s]
Computing hash join...  [0.212s]
Searching alignments...  [0.001s]
Processing query block 1, reference block 43/96, shape 2/2.
Building reference seed array...  [2.832s]
Building query seed array...  [0.002s]
Computing hash join...  [0.26s]
Searching alignments...  [0.001s]
Deallocating buffers...  [0.372s]
Clearing query masking...  [0s]
Opening temporary output file...  [0s]
Computing alignments...  [0.052s]
Deallocating reference...  [0.008s]
Loading reference sequences...  [5.884s]
Initializing dictionary...  [0.002s]
Initializing temporary storage...  [0.006s]
Building reference histograms...  [4.051s]
Allocating buffers...  [0s]
Processing query block 1, reference block 44/96, shape 1/2.
Building reference seed array...  [2.327s]
Building query seed array...  [0.002s]
Computing hash join...  [0.192s]
Searching alignments...  [0.001s]
Processing query block 1, reference block 44/96, shape 2/2.
Building reference seed array...  [2.271s]
Building query seed array...  [0.002s]
Computing hash join...  [0.23s]
Searching alignments...  [0.001s]
Deallocating buffers...  [0.371s]
Clearing query masking...  [0s]
Opening temporary output file...  [0s]
Computing alignments...  [0.054s]
Deallocating reference...  [0.008s]
Loading reference sequences...  [5.774s]
Initializing dictionary...  [0.004s]
Initializing temporary storage...  [0.005s]
Building reference histograms...  [4.128s]
Allocating buffers...  [0s]
Processing query block 1, reference block 45/96, shape 1/2.
Building reference seed array...  [2.552s]
Building query seed array...  [0.003s]
Computing hash join...  [0.179s]
Searching alignments...  [0.001s]
Processing query block 1, reference block 45/96, shape 2/2.
Building reference seed array...  [2.361s]
Building query seed array...  [0.002s]
Computing hash join...  [0.259s]
Searching alignments...  [0.001s]
Deallocating buffers...  [0.302s]
Clearing query masking...  [0s]
Opening temporary output file...  [0s]
Computing alignments...  [0.05s]
Deallocating reference...  [0.007s]
Loading reference sequences...  [5.477s]
Initializing dictionary...  [0.002s]
Initializing temporary storage...  [0.005s]
Building reference histograms...  [4.412s]
Allocating buffers...  [0s]
Processing query block 1, reference block 46/96, shape 1/2.
Building reference seed array...  [2.163s]
Building query seed array...  [0.002s]
Computing hash join...  [0.153s]
Searching alignments...  [0.001s]
Processing query block 1, reference block 46/96, shape 2/2.
Building reference seed array...  [1.989s]
Building query seed array...  [0.002s]
Computing hash join...  [0.211s]
Searching alignments...  [0.001s]
Deallocating buffers...  [0.372s]
Clearing query masking...  [0s]
Opening temporary output file...  [0s]
Computing alignments...  [0.053s]
Deallocating reference...  [0.008s]
Loading reference sequences...  [5.533s]
Initializing dictionary...  [0.002s]
Initializing temporary storage...  [0.005s]
Building reference histograms...  [3.714s]
Allocating buffers...  [0s]
Processing query block 1, reference block 47/96, shape 1/2.
Building reference seed array...  [2.42s]
Building query seed array...  [0.002s]
Computing hash join...  [0.212s]
Searching alignments...  [0.001s]
Processing query block 1, reference block 47/96, shape 2/2.
Building reference seed array...  [2.46s]
Building query seed array...  [0.002s]
Computing hash join...  [0.238s]
Searching alignments...  [0.001s]
Deallocating buffers...  [0.369s]
Clearing query masking...  [0s]
Opening temporary output file...  [0s]
Computing alignments...  [0.05s]
Deallocating reference...  [0.008s]
Loading reference sequences...  [5.472s]
Initializing dictionary...  [0.002s]
Initializing temporary storage...  [0.005s]
Building reference histograms...  [4.089s]
Allocating buffers...  [0s]
Processing query block 1, reference block 48/96, shape 1/2.
Building reference seed array...  [2.211s]
Building query seed array...  [0.001s]
Computing hash join...  [0.191s]
Searching alignments...  [0.001s]
Processing query block 1, reference block 48/96, shape 2/2.
Building reference seed array...  [2.419s]
Building query seed array...  [0.002s]
Computing hash join...  [0.243s]
Searching alignments...  [0.001s]
Deallocating buffers...  [0.372s]
Clearing query masking...  [0s]
Opening temporary output file...  [0s]
Computing alignments...  [0.054s]
Deallocating reference...  [0.008s]
Loading reference sequences...  [8.481s]
Initializing dictionary...  [0.002s]
Initializing temporary storage...  [0.005s]
Building reference histograms...  [4.282s]
Allocating buffers...  [0s]
Processing query block 1, reference block 49/96, shape 1/2.
Building reference seed array...  [1.958s]
Building query seed array...  [0.001s]
Computing hash join...  [0.141s]
Searching alignments...  [0.001s]
Processing query block 1, reference block 49/96, shape 2/2.
Building reference seed array...  [1.984s]
Building query seed array...  [0.002s]
Computing hash join...  [0.2s]
Searching alignments...  [0.001s]
Deallocating buffers...  [0.367s]
Clearing query masking...  [0s]
Opening temporary output file...  [0s]
Computing alignments...  [0.051s]
Deallocating reference...  [0.008s]
Loading reference sequences...  [5.802s]
Initializing dictionary...  [0.002s]
Initializing temporary storage...  [0.005s]
Building reference histograms...  [4.661s]
Allocating buffers...  [0s]
Processing query block 1, reference block 50/96, shape 1/2.
Building reference seed array...  [2.185s]
Building query seed array...  [0.002s]
Computing hash join...  [0.139s]
Searching alignments...  [0.001s]
Processing query block 1, reference block 50/96, shape 2/2.
Building reference seed array...  [2.106s]
Building query seed array...  [0.002s]
Computing hash join...  [0.215s]
Searching alignments...  [0.001s]
Deallocating buffers...  [0.368s]
Clearing query masking...  [0s]
Opening temporary output file...  [0s]
Computing alignments...  [0.045s]
Deallocating reference...  [0.008s]
Loading reference sequences...  [5.794s]
Initializing dictionary...  [0.002s]
Initializing temporary storage...  [0.005s]
Building reference histograms...  [4.225s]
Allocating buffers...  [0s]
Processing query block 1, reference block 51/96, shape 1/2.
Building reference seed array...  [2.41s]
Building query seed array...  [0.002s]
Computing hash join...  [0.185s]
Searching alignments...  [0.003s]
Processing query block 1, reference block 51/96, shape 2/2.
Building reference seed array...  [2.195s]
Building query seed array...  [0.002s]
Computing hash join...  [0.2s]
Searching alignments...  [0.001s]
Deallocating buffers...  [0.443s]
Clearing query masking...  [0s]
Opening temporary output file...  [0s]
Computing alignments...  [0.055s]
Deallocating reference...  [0.008s]
Loading reference sequences...  [5.199s]
Initializing dictionary...  [0.002s]
Initializing temporary storage...  [0.005s]
Building reference histograms...  [4.13s]
Allocating buffers...  [0s]
Processing query block 1, reference block 52/96, shape 1/2.
Building reference seed array...  [2.147s]
Building query seed array...  [0.002s]
Computing hash join...  [0.141s]
Searching alignments...  [0.001s]
Processing query block 1, reference block 52/96, shape 2/2.
Building reference seed array...  [2.261s]
Building query seed array...  [0.002s]
Computing hash join...  [0.223s]
Searching alignments...  [0.001s]
Deallocating buffers...  [0.371s]
Clearing query masking...  [0s]
Opening temporary output file...  [0s]
Computing alignments...  [0.053s]
Deallocating reference...  [0.008s]
Loading reference sequences...  [6.055s]
Initializing dictionary...  [0.002s]
Initializing temporary storage...  [0.005s]
Building reference histograms...  [3.826s]
Allocating buffers...  [0s]
Processing query block 1, reference block 53/96, shape 1/2.
Building reference seed array...  [2.048s]
Building query seed array...  [0.002s]
Computing hash join...  [0.172s]
Searching alignments...  [0.001s]
Processing query block 1, reference block 53/96, shape 2/2.
Building reference seed array...  [2.031s]
Building query seed array...  [0.002s]
Computing hash join...  [0.197s]
Searching alignments...  [0.001s]
Deallocating buffers...  [0.328s]
Clearing query masking...  [0s]
Opening temporary output file...  [0s]
Computing alignments...  [0.047s]
Deallocating reference...  [0.007s]
Loading reference sequences...  [5.476s]
Initializing dictionary...  [0.002s]
Initializing temporary storage...  [0.006s]
Building reference histograms...  [3.707s]
Allocating buffers...  [0s]
Processing query block 1, reference block 54/96, shape 1/2.
Building reference seed array...  [2.483s]
Building query seed array...  [0.002s]
Computing hash join...  [0.192s]
Searching alignments...  [0.001s]
Processing query block 1, reference block 54/96, shape 2/2.
Building reference seed array...  [2.017s]
Building query seed array...  [0.002s]
Computing hash join...  [0.159s]
Searching alignments...  [0.001s]
Deallocating buffers...  [0.319s]
Clearing query masking...  [0s]
Opening temporary output file...  [0s]
Computing alignments...  [0.047s]
Deallocating reference...  [0.007s]
Loading reference sequences...  [5.053s]
Initializing dictionary...  [0.002s]
Initializing temporary storage...  [0.005s]
Building reference histograms...  [4.077s]
Allocating buffers...  [0s]
Processing query block 1, reference block 55/96, shape 1/2.
Building reference seed array...  [2.431s]
Building query seed array...  [0.003s]
Computing hash join...  [0.195s]
Searching alignments...  [0.001s]
Processing query block 1, reference block 55/96, shape 2/2.
Building reference seed array...  [2.205s]
Building query seed array...  [0.002s]
Computing hash join...  [0.187s]
Searching alignments...  [0.001s]
Deallocating buffers...  [0.375s]
Clearing query masking...  [0s]
Opening temporary output file...  [0.001s]
Computing alignments...  [0.054s]
Deallocating reference...  [0.008s]
Loading reference sequences...  [5.899s]
Initializing dictionary...  [0.002s]
Initializing temporary storage...  [0.006s]
Building reference histograms...  [3.91s]
Allocating buffers...  [0s]
Processing query block 1, reference block 56/96, shape 1/2.
Building reference seed array...  [2.415s]
Building query seed array...  [0.002s]
Computing hash join...  [0.191s]
Searching alignments...  [0.001s]
Processing query block 1, reference block 56/96, shape 2/2.
Building reference seed array...  [2.407s]
Building query seed array...  [0.002s]
Computing hash join...  [0.245s]
Searching alignments...  [0.001s]
Deallocating buffers...  [0.375s]
Clearing query masking...  [0s]
Opening temporary output file...  [0s]
Computing alignments...  [0.055s]
Deallocating reference...  [0.008s]
Loading reference sequences...  [8.716s]
Initializing dictionary...  [0.002s]
Initializing temporary storage...  [0.006s]
Building reference histograms...  [4.249s]
Allocating buffers...  [0s]
Processing query block 1, reference block 57/96, shape 1/2.
Building reference seed array...  [2.352s]
Building query seed array...  [0.002s]
Computing hash join...  [0.185s]
Searching alignments...  [0.001s]
Processing query block 1, reference block 57/96, shape 2/2.
Building reference seed array...  [2.325s]
Building query seed array...  [0.002s]
Computing hash join...  [0.245s]
Searching alignments...  [0.001s]
Deallocating buffers...  [0.368s]
Clearing query masking...  [0s]
Opening temporary output file...  [0s]
Computing alignments...  [0.055s]
Deallocating reference...  [0.008s]
Loading reference sequences...  [5.832s]
Initializing dictionary...  [0.002s]
Initializing temporary storage...  [0.006s]
Building reference histograms...  [4.295s]
Allocating buffers...  [0s]
Processing query block 1, reference block 58/96, shape 1/2.
Building reference seed array...  [2.552s]
Building query seed array...  [0.002s]
Computing hash join...  [0.202s]
Searching alignments...  [0.001s]
Processing query block 1, reference block 58/96, shape 2/2.
Building reference seed array...  [2.179s]
Building query seed array...  [0.002s]
Computing hash join...  [0.19s]
Searching alignments...  [0.001s]
Deallocating buffers...  [0.37s]
Clearing query masking...  [0s]
Opening temporary output file...  [0.001s]
Computing alignments...  [0.053s]
Deallocating reference...  [0.008s]
Loading reference sequences...  [6.051s]
Initializing dictionary...  [0.002s]
Initializing temporary storage...  [0.005s]
Building reference histograms...  [3.719s]
Allocating buffers...  [0s]
Processing query block 1, reference block 59/96, shape 1/2.
Building reference seed array...  [2.455s]
Building query seed array...  [0.002s]
Computing hash join...  [0.209s]
Searching alignments...  [0.002s]
Processing query block 1, reference block 59/96, shape 2/2.
Building reference seed array...  [2.273s]
Building query seed array...  [0.002s]
Computing hash join...  [0.209s]
Searching alignments...  [0.001s]
Deallocating buffers...  [0.372s]
Clearing query masking...  [0s]
Opening temporary output file...  [0.001s]
Computing alignments...  [0.053s]
Deallocating reference...  [0.008s]
Loading reference sequences...  [5.787s]
Initializing dictionary...  [0.002s]
Initializing temporary storage...  [0.006s]
Building reference histograms...  [4.256s]
Allocating buffers...  [0s]
Processing query block 1, reference block 60/96, shape 1/2.
Building reference seed array...  [2.416s]
Building query seed array...  [0.002s]
Computing hash join...  [0.216s]
Searching alignments...  [0.001s]
Processing query block 1, reference block 60/96, shape 2/2.
Building reference seed array...  [2.029s]
Building query seed array...  [0.002s]
Computing hash join...  [0.163s]
Searching alignments...  [0.001s]
Deallocating buffers...  [0.371s]
Clearing query masking...  [0s]
Opening temporary output file...  [0.001s]
Computing alignments...  [0.053s]
Deallocating reference...  [0.008s]
Loading reference sequences...  [5.751s]
Initializing dictionary...  [0.002s]
Initializing temporary storage...  [0.005s]
Building reference histograms...  [4.589s]
Allocating buffers...  [0s]
Processing query block 1, reference block 61/96, shape 1/2.
Building reference seed array...  [2.213s]
Building query seed array...  [0.002s]
Computing hash join...  [0.166s]
Searching alignments...  [0.001s]
Processing query block 1, reference block 61/96, shape 2/2.
Building reference seed array...  [2.2s]
Building query seed array...  [0.002s]
Computing hash join...  [0.23s]
Searching alignments...  [0.001s]
Deallocating buffers...  [0.367s]
Clearing query masking...  [0s]
Opening temporary output file...  [0s]
Computing alignments...  [0.053s]
Deallocating reference...  [0.008s]
Loading reference sequences...  [5.744s]
Initializing dictionary...  [0.002s]
Initializing temporary storage...  [0.005s]
Building reference histograms...  [4.093s]
Allocating buffers...  [0s]
Processing query block 1, reference block 62/96, shape 1/2.
Building reference seed array...  [2.484s]
Building query seed array...  [0.002s]
Computing hash join...  [0.208s]
Searching alignments...  [0.001s]
Processing query block 1, reference block 62/96, shape 2/2.
Building reference seed array...  [2.564s]
Building query seed array...  [0.002s]
Computing hash join...  [0.232s]
Searching alignments...  [0.001s]
Deallocating buffers...  [0.367s]
Clearing query masking...  [0s]
Opening temporary output file...  [0s]
Computing alignments...  [0.052s]
Deallocating reference...  [0.008s]
Loading reference sequences...  [5.473s]
Initializing dictionary...  [0.002s]
Initializing temporary storage...  [0.005s]
Building reference histograms...  [4s]
Allocating buffers...  [0s]
Processing query block 1, reference block 63/96, shape 1/2.
Building reference seed array...  [2.142s]
Building query seed array...  [0.002s]
Computing hash join...  [0.154s]
Searching alignments...  [0.001s]
Processing query block 1, reference block 63/96, shape 2/2.
Building reference seed array...  [1.997s]
Building query seed array...  [0.002s]
Computing hash join...  [0.235s]
Searching alignments...  [0.001s]
Deallocating buffers...  [0.367s]
Clearing query masking...  [0s]
Opening temporary output file...  [0s]
Computing alignments...  [0.054s]
Deallocating reference...  [0.008s]
Loading reference sequences...  [5.608s]
Initializing dictionary...  [0.002s]
Initializing temporary storage...  [0.005s]
Building reference histograms...  [3.989s]
Allocating buffers...  [0s]
Processing query block 1, reference block 64/96, shape 1/2.
Building reference seed array...  [2.463s]
Building query seed array...  [0.002s]
Computing hash join...  [0.207s]
Searching alignments...  [0.001s]
Processing query block 1, reference block 64/96, shape 2/2.
Building reference seed array...  [2.516s]
Building query seed array...  [0.002s]
Computing hash join...  [0.249s]
Searching alignments...  [0.001s]
Deallocating buffers...  [0.37s]
Clearing query masking...  [0s]
Opening temporary output file...  [0.001s]
Computing alignments...  [0.052s]
Deallocating reference...  [0.008s]
Loading reference sequences...  [5.548s]
Initializing dictionary...  [0.002s]
Initializing temporary storage...  [0.005s]
Building reference histograms...  [3.58s]
Allocating buffers...  [0s]
Processing query block 1, reference block 65/96, shape 1/2.
Building reference seed array...  [2.628s]
Building query seed array...  [0.002s]
Computing hash join...  [0.211s]
Searching alignments...  [0.001s]
Processing query block 1, reference block 65/96, shape 2/2.
Building reference seed array...  [2.158s]
Building query seed array...  [0.002s]
Computing hash join...  [0.195s]
Searching alignments...  [0.001s]
Deallocating buffers...  [0.291s]
Clearing query masking...  [0s]
Opening temporary output file...  [0s]
Computing alignments...  [0.05s]
Deallocating reference...  [0.007s]
Loading reference sequences...  [5.855s]
Initializing dictionary...  [0.002s]
Initializing temporary storage...  [0.005s]
Building reference histograms...  [4.041s]
Allocating buffers...  [0s]
Processing query block 1, reference block 66/96, shape 1/2.
Building reference seed array...  [2.494s]
Building query seed array...  [0.002s]
Computing hash join...  [0.203s]
Searching alignments...  [0.001s]
Processing query block 1, reference block 66/96, shape 2/2.
Building reference seed array...  [2.321s]
Building query seed array...  [0.002s]
Computing hash join...  [0.211s]
Searching alignments...  [0.001s]
Deallocating buffers...  [0.365s]
Clearing query masking...  [0s]
Opening temporary output file...  [0s]
Computing alignments...  [0.052s]
Deallocating reference...  [0.008s]
Loading reference sequences...  [5.878s]
Initializing dictionary...  [0.002s]
Initializing temporary storage...  [0.005s]
Building reference histograms...  [4.337s]
Allocating buffers...  [0s]
Processing query block 1, reference block 67/96, shape 1/2.
Building reference seed array...  [2.176s]
Building query seed array...  [0.002s]
Computing hash join...  [0.152s]
Searching alignments...  [0.003s]
Processing query block 1, reference block 67/96, shape 2/2.
Building reference seed array...  [1.917s]
Building query seed array...  [0.002s]
Computing hash join...  [0.232s]
Searching alignments...  [0.001s]
Deallocating buffers...  [0.367s]
Clearing query masking...  [0s]
Opening temporary output file...  [0s]
Computing alignments...  [0.059s]
Deallocating reference...  [0.008s]
Loading reference sequences...  [5.617s]
Initializing dictionary...  [0.003s]
Initializing temporary storage...  [0.005s]
Building reference histograms...  [3.559s]
Allocating buffers...  [0s]
Processing query block 1, reference block 68/96, shape 1/2.
Building reference seed array...  [2.374s]
Building query seed array...  [0.002s]
Computing hash join...  [0.199s]
Searching alignments...  [0.001s]
Processing query block 1, reference block 68/96, shape 2/2.
Building reference seed array...  [2.457s]
Building query seed array...  [0.002s]
Computing hash join...  [0.252s]
Searching alignments...  [0.001s]
Deallocating buffers...  [0.365s]
Clearing query masking...  [0s]
Opening temporary output file...  [0s]
Computing alignments...  [0.05s]
Deallocating reference...  [0.008s]
Loading reference sequences...  [5.807s]
Initializing dictionary...  [0.002s]
Initializing temporary storage...  [0.005s]
Building reference histograms...  [3.909s]
Allocating buffers...  [0s]
Processing query block 1, reference block 69/96, shape 1/2.
Building reference seed array...  [2.148s]
Building query seed array...  [0.002s]
Computing hash join...  [0.205s]
Searching alignments...  [0.001s]
Processing query block 1, reference block 69/96, shape 2/2.
Building reference seed array...  [2.331s]
Building query seed array...  [0.002s]
Computing hash join...  [0.24s]
Searching alignments...  [0.001s]
Deallocating buffers...  [0.349s]
Clearing query masking...  [0s]
Opening temporary output file...  [0s]
Computing alignments...  [0.052s]
Deallocating reference...  [0.008s]
Loading reference sequences...  [5.568s]
Initializing dictionary...  [0.002s]
Initializing temporary storage...  [0.005s]
Building reference histograms...  [3.817s]
Allocating buffers...  [0s]
Processing query block 1, reference block 70/96, shape 1/2.
Building reference seed array...  [2.08s]
Building query seed array...  [0.002s]
Computing hash join...  [0.205s]
Searching alignments...  [0.002s]
Processing query block 1, reference block 70/96, shape 2/2.
Building reference seed array...  [1.96s]
Building query seed array...  [0.001s]
Computing hash join...  [0.163s]
Searching alignments...  [0.001s]
Deallocating buffers...  [0.301s]
Clearing query masking...  [0s]
Opening temporary output file...  [0s]
Computing alignments...  [0.054s]
Deallocating reference...  [0.006s]
Loading reference sequences...  [5.097s]
Initializing dictionary...  [0.002s]
Initializing temporary storage...  [0.005s]
Building reference histograms...  [3.652s]
Allocating buffers...  [0s]
Processing query block 1, reference block 71/96, shape 1/2.
Building reference seed array...  [2.23s]
Building query seed array...  [0.002s]
Computing hash join...  [0.159s]
Searching alignments...  [0.002s]
Processing query block 1, reference block 71/96, shape 2/2.
Building reference seed array...  [2.34s]
Building query seed array...  [0.002s]
Computing hash join...  [0.22s]
Searching alignments...  [0.001s]
Deallocating buffers...  [0.366s]
Clearing query masking...  [0s]
Opening temporary output file...  [0s]
Computing alignments...  [0.051s]
Deallocating reference...  [0.008s]
Loading reference sequences...  [5.681s]
Initializing dictionary...  [0.002s]
Initializing temporary storage...  [0.006s]
Building reference histograms...  [4.365s]
Allocating buffers...  [0s]
Processing query block 1, reference block 72/96, shape 1/2.
Building reference seed array...  [2.978s]
Building query seed array...  [0.002s]
Computing hash join...  [0.209s]
Searching alignments...  [0.002s]
Processing query block 1, reference block 72/96, shape 2/2.
Building reference seed array...  [2.394s]
Building query seed array...  [0.002s]
Computing hash join...  [0.231s]
Searching alignments...  [0.001s]
Deallocating buffers...  [0.371s]
Clearing query masking...  [0s]
Opening temporary output file...  [0s]
Computing alignments...  [0.053s]
Deallocating reference...  [0.008s]
Loading reference sequences...  [8.225s]
Initializing dictionary...  [0.002s]
Initializing temporary storage...  [0.005s]
Building reference histograms...  [3.958s]
Allocating buffers...  [0s]
Processing query block 1, reference block 73/96, shape 1/2.
Building reference seed array...  [2.216s]
Building query seed array...  [0.001s]
Computing hash join...  [0.18s]
Searching alignments...  [0.001s]
Processing query block 1, reference block 73/96, shape 2/2.
Building reference seed array...  [2.068s]
Building query seed array...  [0.002s]
Computing hash join...  [0.196s]
Searching alignments...  [0.001s]
Deallocating buffers...  [0.32s]
Clearing query masking...  [0s]
Opening temporary output file...  [0s]
Computing alignments...  [0.049s]
Deallocating reference...  [0.007s]
Loading reference sequences...  [5.835s]
Initializing dictionary...  [0.002s]
Initializing temporary storage...  [0.005s]
Building reference histograms...  [4.393s]
Allocating buffers...  [0s]
Processing query block 1, reference block 74/96, shape 1/2.
Building reference seed array...  [2.246s]
Building query seed array...  [0.002s]
Computing hash join...  [0.159s]
Searching alignments...  [0.001s]
Processing query block 1, reference block 74/96, shape 2/2.
Building reference seed array...  [2.325s]
Building query seed array...  [0.002s]
Computing hash join...  [0.232s]
Searching alignments...  [0.002s]
Deallocating buffers...  [0.361s]
Clearing query masking...  [0s]
Opening temporary output file...  [0.001s]
Computing alignments...  [0.053s]
Deallocating reference...  [0.007s]
Loading reference sequences...  [5.842s]
Initializing dictionary...  [0.002s]
Initializing temporary storage...  [0.005s]
Building reference histograms...  [4.266s]
Allocating buffers...  [0s]
Processing query block 1, reference block 75/96, shape 1/2.
Building reference seed array...  [2.545s]
Building query seed array...  [0.002s]
Computing hash join...  [0.198s]
Searching alignments...  [0.001s]
Processing query block 1, reference block 75/96, shape 2/2.
Building reference seed array...  [2.152s]
Building query seed array...  [0.002s]
Computing hash join...  [0.188s]
Searching alignments...  [0.001s]
Deallocating buffers...  [0.295s]
Clearing query masking...  [0s]
Opening temporary output file...  [0s]
Computing alignments...  [0.054s]
Deallocating reference...  [0.007s]
Loading reference sequences...  [5.304s]
Initializing dictionary...  [0.002s]
Initializing temporary storage...  [0.005s]
Building reference histograms...  [3.501s]
Allocating buffers...  [0s]
Processing query block 1, reference block 76/96, shape 1/2.
Building reference seed array...  [2.369s]
Building query seed array...  [0.003s]
Computing hash join...  [0.196s]
Searching alignments...  [0.001s]
Processing query block 1, reference block 76/96, shape 2/2.
Building reference seed array...  [2.203s]
Building query seed array...  [0.002s]
Computing hash join...  [0.19s]
Searching alignments...  [0.001s]
Deallocating buffers...  [0.366s]
Clearing query masking...  [0s]
Opening temporary output file...  [0.001s]
Computing alignments...  [0.052s]
Deallocating reference...  [0.008s]
Loading reference sequences...  [5.71s]
Initializing dictionary...  [0.002s]
Initializing temporary storage...  [0.005s]
Building reference histograms...  [3.988s]
Allocating buffers...  [0s]
Processing query block 1, reference block 77/96, shape 1/2.
Building reference seed array...  [2.17s]
Building query seed array...  [0.001s]
Computing hash join...  [0.14s]
Searching alignments...  [0.001s]
Processing query block 1, reference block 77/96, shape 2/2.
Building reference seed array...  [2.108s]
Building query seed array...  [0.002s]
Computing hash join...  [0.225s]
Searching alignments...  [0.001s]
Deallocating buffers...  [0.358s]
Clearing query masking...  [0s]
Opening temporary output file...  [0s]
Computing alignments...  [0.048s]
Deallocating reference...  [0.008s]
Loading reference sequences...  [5.594s]
Initializing dictionary...  [0.002s]
Initializing temporary storage...  [0.005s]
Building reference histograms...  [4.151s]
Allocating buffers...  [0s]
Processing query block 1, reference block 78/96, shape 1/2.
Building reference seed array...  [2.519s]
Building query seed array...  [0.002s]
Computing hash join...  [0.205s]
Searching alignments...  [0.001s]
Processing query block 1, reference block 78/96, shape 2/2.
Building reference seed array...  [2.177s]
Building query seed array...  [0.002s]
Computing hash join...  [0.23s]
Searching alignments...  [0.001s]
Deallocating buffers...  [0.335s]
Clearing query masking...  [0s]
Opening temporary output file...  [0s]
Computing alignments...  [0.055s]
Deallocating reference...  [0.007s]
Loading reference sequences...  [5.714s]
Initializing dictionary...  [0.002s]
Initializing temporary storage...  [0.005s]
Building reference histograms...  [4s]
Allocating buffers...  [0s]
Processing query block 1, reference block 79/96, shape 1/2.
Building reference seed array...  [2.199s]
Building query seed array...  [0.002s]
Computing hash join...  [0.154s]
Searching alignments...  [0.001s]
Processing query block 1, reference block 79/96, shape 2/2.
Building reference seed array...  [2.025s]
Building query seed array...  [0.002s]
Computing hash join...  [0.205s]
Searching alignments...  [0.001s]
Deallocating buffers...  [0.365s]
Clearing query masking...  [0s]
Opening temporary output file...  [0s]
Computing alignments...  [0.05s]
Deallocating reference...  [0.008s]
Loading reference sequences...  [5.583s]
Initializing dictionary...  [0.002s]
Initializing temporary storage...  [0.005s]
Building reference histograms...  [4.057s]
Allocating buffers...  [0s]
Processing query block 1, reference block 80/96, shape 1/2.
Building reference seed array...  [2.216s]
Building query seed array...  [0.002s]
Computing hash join...  [0.178s]
Searching alignments...  [0.001s]
Processing query block 1, reference block 80/96, shape 2/2.
Building reference seed array...  [2.274s]
Building query seed array...  [0.002s]
Computing hash join...  [0.249s]
Searching alignments...  [0.002s]
Deallocating buffers...  [0.363s]
Clearing query masking...  [0s]
Opening temporary output file...  [0s]
Computing alignments...  [0.055s]
Deallocating reference...  [0.008s]
Loading reference sequences...  [6.166s]
Initializing dictionary...  [0.002s]
Initializing temporary storage...  [0.005s]
Building reference histograms...  [4.243s]
Allocating buffers...  [0s]
Processing query block 1, reference block 81/96, shape 1/2.
Building reference seed array...  [2.422s]
Building query seed array...  [0.002s]
Computing hash join...  [0.214s]
Searching alignments...  [0.001s]
Processing query block 1, reference block 81/96, shape 2/2.
Building reference seed array...  [2.294s]
Building query seed array...  [0.002s]
Computing hash join...  [0.206s]
Searching alignments...  [0.001s]
Deallocating buffers...  [0.357s]
Clearing query masking...  [0s]
Opening temporary output file...  [0s]
Computing alignments...  [0.054s]
Deallocating reference...  [0.008s]
Loading reference sequences...  [5.536s]
Initializing dictionary...  [0.002s]
Initializing temporary storage...  [0.005s]
Building reference histograms...  [4.211s]
Allocating buffers...  [0s]
Processing query block 1, reference block 82/96, shape 1/2.
Building reference seed array...  [2.612s]
Building query seed array...  [0.003s]
Computing hash join...  [0.191s]
Searching alignments...  [0.001s]
Processing query block 1, reference block 82/96, shape 2/2.
Building reference seed array...  [2.112s]
Building query seed array...  [0.002s]
Computing hash join...  [0.199s]
Searching alignments...  [0.001s]
Deallocating buffers...  [0.36s]
Clearing query masking...  [0s]
Opening temporary output file...  [0s]
Computing alignments...  [0.054s]
Deallocating reference...  [0.008s]
Loading reference sequences...  [7.051s]
Initializing dictionary...  [0.002s]
Initializing temporary storage...  [0.005s]
Building reference histograms...  [3.514s]
Allocating buffers...  [0s]
Processing query block 1, reference block 83/96, shape 1/2.
Building reference seed array...  [2.291s]
Building query seed array...  [0.002s]
Computing hash join...  [0.188s]
Searching alignments...  [0.002s]
Processing query block 1, reference block 83/96, shape 2/2.
Building reference seed array...  [2.104s]
Building query seed array...  [0.002s]
Computing hash join...  [0.206s]
Searching alignments...  [0.001s]
Deallocating buffers...  [0.288s]
Clearing query masking...  [0s]
Opening temporary output file...  [0s]
Computing alignments...  [0.055s]
Deallocating reference...  [0.006s]
Loading reference sequences...  [4.839s]
Initializing dictionary...  [0.002s]
Initializing temporary storage...  [0.005s]
Building reference histograms...  [4.031s]
Allocating buffers...  [0s]
Processing query block 1, reference block 84/96, shape 1/2.
Building reference seed array...  [2.198s]
Building query seed array...  [0.002s]
Computing hash join...  [0.2s]
Searching alignments...  [0.001s]
Processing query block 1, reference block 84/96, shape 2/2.
Building reference seed array...  [2.487s]
Building query seed array...  [0.002s]
Computing hash join...  [0.225s]
Searching alignments...  [0.001s]
Deallocating buffers...  [0.356s]
Clearing query masking...  [0s]
Opening temporary output file...  [0.001s]
Computing alignments...  [0.051s]
Deallocating reference...  [0.008s]
Loading reference sequences...  [5.648s]
Initializing dictionary...  [0.002s]
Initializing temporary storage...  [0.006s]
Building reference histograms...  [4.133s]
Allocating buffers...  [0s]
Processing query block 1, reference block 85/96, shape 1/2.
Building reference seed array...  [2.144s]
Building query seed array...  [0.002s]
Computing hash join...  [0.167s]
Searching alignments...  [0.001s]
Processing query block 1, reference block 85/96, shape 2/2.
Building reference seed array...  [2.173s]
Building query seed array...  [0.002s]
Computing hash join...  [0.224s]
Searching alignments...  [0.001s]
Deallocating buffers...  [0.365s]
Clearing query masking...  [0s]
Opening temporary output file...  [0.001s]
Computing alignments...  [0.054s]
Deallocating reference...  [0.008s]
Loading reference sequences...  [5.463s]
Initializing dictionary...  [0.002s]
Initializing temporary storage...  [0.006s]
Building reference histograms...  [3.395s]
Allocating buffers...  [0s]
Processing query block 1, reference block 86/96, shape 1/2.
Building reference seed array...  [2.159s]
Building query seed array...  [0.002s]
Computing hash join...  [0.167s]
Searching alignments...  [0.001s]
Processing query block 1, reference block 86/96, shape 2/2.
Building reference seed array...  [2.495s]
Building query seed array...  [0.002s]
Computing hash join...  [0.257s]
Searching alignments...  [0.001s]
Deallocating buffers...  [0.369s]
Clearing query masking...  [0s]
Opening temporary output file...  [0s]
Computing alignments...  [0.055s]
Deallocating reference...  [0.008s]
Loading reference sequences...  [5.955s]
Initializing dictionary...  [0.002s]
Initializing temporary storage...  [0.006s]
Building reference histograms...  [3.599s]
Allocating buffers...  [0s]
Processing query block 1, reference block 87/96, shape 1/2.
Building reference seed array...  [2.307s]
Building query seed array...  [0.002s]
Computing hash join...  [0.184s]
Searching alignments...  [0.001s]
Processing query block 1, reference block 87/96, shape 2/2.
Building reference seed array...  [2.258s]
Building query seed array...  [0.002s]
Computing hash join...  [0.227s]
Searching alignments...  [0.001s]
Deallocating buffers...  [0.347s]
Clearing query masking...  [0s]
Opening temporary output file...  [0.001s]
Computing alignments...  [0.054s]
Deallocating reference...  [0.008s]
Loading reference sequences...  [5.767s]
Initializing dictionary...  [0.003s]
Initializing temporary storage...  [0.005s]
Building reference histograms...  [3.904s]
Allocating buffers...  [0s]
Processing query block 1, reference block 88/96, shape 1/2.
Building reference seed array...  [2.086s]
Building query seed array...  [0.003s]
Computing hash join...  [0.187s]
Searching alignments...  [0.001s]
Processing query block 1, reference block 88/96, shape 2/2.
Building reference seed array...  [2.408s]
Building query seed array...  [0.003s]
Computing hash join...  [0.308s]
Searching alignments...  [0.001s]
Deallocating buffers...  [0.367s]
Clearing query masking...  [0s]
Opening temporary output file...  [0s]
Computing alignments...  [0.051s]
Deallocating reference...  [0.008s]
Loading reference sequences...  [5.787s]
Initializing dictionary...  [0.002s]
Initializing temporary storage...  [0.006s]
Building reference histograms...  [3.446s]
Allocating buffers...  [0s]
Processing query block 1, reference block 89/96, shape 1/2.
Building reference seed array...  [1.971s]
Building query seed array...  [0.002s]
Computing hash join...  [0.157s]
Searching alignments...  [0.001s]
Processing query block 1, reference block 89/96, shape 2/2.
Building reference seed array...  [2.049s]
Building query seed array...  [0.003s]
Computing hash join...  [0.223s]
Searching alignments...  [0.001s]
Deallocating buffers...  [0.365s]
Clearing query masking...  [0s]
Opening temporary output file...  [0.001s]
Computing alignments...  [0.053s]
Deallocating reference...  [0.008s]
Loading reference sequences...  [5.788s]
Initializing dictionary...  [0.003s]
Initializing temporary storage...  [0.006s]
Building reference histograms...  [3.983s]
Allocating buffers...  [0s]
Processing query block 1, reference block 90/96, shape 1/2.
Building reference seed array...  [2.219s]
Building query seed array...  [0.002s]
Computing hash join...  [0.184s]
Searching alignments...  [0.002s]
Processing query block 1, reference block 90/96, shape 2/2.
Building reference seed array...  [2.188s]
Building query seed array...  [0.002s]
Computing hash join...  [0.237s]
Searching alignments...  [0.001s]
Deallocating buffers...  [0.367s]
Clearing query masking...  [0s]
Opening temporary output file...  [0.001s]
Computing alignments...  [0.05s]
Deallocating reference...  [0.008s]
Loading reference sequences...  [8.902s]
Initializing dictionary...  [0.002s]
Initializing temporary storage...  [0.005s]
Building reference histograms...  [3.724s]
Allocating buffers...  [0s]
Processing query block 1, reference block 91/96, shape 1/2.
Building reference seed array...  [2.305s]
Building query seed array...  [0.002s]
Computing hash join...  [0.179s]
Searching alignments...  [0.001s]
Processing query block 1, reference block 91/96, shape 2/2.
Building reference seed array...  [2.295s]
Building query seed array...  [0.002s]
Computing hash join...  [0.239s]
Searching alignments...  [0.001s]
Deallocating buffers...  [0.364s]
Clearing query masking...  [0s]
Opening temporary output file...  [0.001s]
Computing alignments...  [0.053s]
Deallocating reference...  [0.009s]
Loading reference sequences...  [5.883s]
Initializing dictionary...  [0.002s]
Initializing temporary storage...  [0.005s]
Building reference histograms...  [4.251s]
Allocating buffers...  [0s]
Processing query block 1, reference block 92/96, shape 1/2.
Building reference seed array...  [2.077s]
Building query seed array...  [0.002s]
Computing hash join...  [0.137s]
Searching alignments...  [0.001s]
Processing query block 1, reference block 92/96, shape 2/2.
Building reference seed array...  [2.363s]
Building query seed array...  [0.002s]
Computing hash join...  [0.244s]
Searching alignments...  [0.001s]
Deallocating buffers...  [0.367s]
Clearing query masking...  [0s]
Opening temporary output file...  [0s]
Computing alignments...  [0.056s]
Deallocating reference...  [0.009s]
Loading reference sequences...  [5.628s]
Initializing dictionary...  [0.002s]
Initializing temporary storage...  [0.005s]
Building reference histograms...  [3.366s]
Allocating buffers...  [0s]
Processing query block 1, reference block 93/96, shape 1/2.
Building reference seed array...  [1.972s]
Building query seed array...  [0.002s]
Computing hash join...  [0.156s]
Searching alignments...  [0.001s]
Processing query block 1, reference block 93/96, shape 2/2.
Building reference seed array...  [2.263s]
Building query seed array...  [0.002s]
Computing hash join...  [0.285s]
Searching alignments...  [0.001s]
Deallocating buffers...  [0.365s]
Clearing query masking...  [0s]
Opening temporary output file...  [0s]
Computing alignments...  [0.054s]
Deallocating reference...  [0.009s]
Loading reference sequences...  [5.871s]
Initializing dictionary...  [0.002s]
Initializing temporary storage...  [0.006s]
Building reference histograms...  [4.3s]
Allocating buffers...  [0s]
Processing query block 1, reference block 94/96, shape 1/2.
Building reference seed array...  [2.232s]
Building query seed array...  [0.002s]
Computing hash join...  [0.168s]
Searching alignments...  [0.001s]
Processing query block 1, reference block 94/96, shape 2/2.
Building reference seed array...  [2.278s]
Building query seed array...  [0.002s]
Computing hash join...  [0.221s]
Searching alignments...  [0.001s]
Deallocating buffers...  [0.364s]
Clearing query masking...  [0s]
Opening temporary output file...  [0s]
Computing alignments...  [0.053s]
Deallocating reference...  [0.01s]
Loading reference sequences...  [5.856s]
Initializing dictionary...  [0.002s]
Initializing temporary storage...  [0.005s]
Building reference histograms...  [4.211s]
Allocating buffers...  [0s]
Processing query block 1, reference block 95/96, shape 1/2.
Building reference seed array...  [2.436s]
Building query seed array...  [0.002s]
Computing hash join...  [0.212s]
Searching alignments...  [0.002s]
Processing query block 1, reference block 95/96, shape 2/2.
Building reference seed array...  [2.136s]
Building query seed array...  [0.002s]
Computing hash join...  [0.197s]
Searching alignments...  [0.001s]
Deallocating buffers...  [0.3s]
Clearing query masking...  [0s]
Opening temporary output file...  [0.002s]
Computing alignments...  [0.056s]
Deallocating reference...  [0.008s]
Loading reference sequences...  [2.078s]
Initializing dictionary...  [0s]
Initializing temporary storage...  [0.005s]
Building reference histograms...  [2.109s]
Allocating buffers...  [0s]
Processing query block 1, reference block 96/96, shape 1/2.
Building reference seed array...  [1.095s]
Building query seed array...  [0.002s]
Computing hash join...  [0.086s]
Searching alignments...  [0.001s]
Processing query block 1, reference block 96/96, shape 2/2.
Building reference seed array...  [1.001s]
Building query seed array...  [0.002s]
Computing hash join...  [0.1s]
Searching alignments...  [0.001s]
Deallocating buffers...  [0.005s]
Clearing query masking...  [0s]
Opening temporary output file...  [0s]
Computing alignments...  [0.026s]
Deallocating reference...  [0.004s]
Loading reference sequences...  [0.049s]
Deallocating buffers...  [0s]
Joining output blocks... Joining output blocks...  [0.088s]
 [0.102s]
Deallocating queries...  [0.001s]
Loading query sequences...  [0s]
Closing the input file...  [0s]
Closing the output file...  [0.001s]
Cleaning up...  [0s]
Total time = 1463.05s
Reported 25 pairwise alignments, 25 HSPs.
1 queries aligned.

real	24m23.162s
user	174m20.060s
sys	10m27.544s
