# DIAMOND v2.0.15. http://github.com/bbuchfink/diamond
# Invocation: diamond blastp --db /bucket/BioinfoUgrp/DB/diamondDB/uniref90/2020_06/uniref90.dmnd -q drosophila_pax6_isoformA.faa -p 16 -o result_drosophila_pax6_isoformA_diamond_uniref90.out --header
# Fields: Query ID, Subject ID, Percentage of identical matches, Alignment length, Number of mismatches, Number of gap openings, Start of alignment in query, End of alignment in query, Start of alignment in subject, End of alignment in subject, Expected value, Bit score
NP_524628.2	UniRef90_O18381	100	801	0	0	38	838	57	857	0.0	1488
NP_524628.2	UniRef90_A0A6P4EXT7	72.9	910	169	12	1	838	1	904	0.0	1147
NP_524628.2	UniRef90_UPI0007E6A3E9	70.8	935	169	13	1	838	1	928	0.0	1126
NP_524628.2	UniRef90_A0A6J0G1F7	71.9	908	180	10	1	838	1	903	0.0	1108
NP_524628.2	UniRef90_UPI0007E8043C	70.7	904	177	13	1	838	1	882	0.0	1106
NP_524628.2	UniRef90_A0A1W4V5G2	68.7	914	190	17	1	838	1	894	0.0	1069
NP_524628.2	UniRef90_B4H894	63.5	921	228	19	1	838	1	896	0.0	970
NP_524628.2	UniRef90_A0A3B0K4A9	61.5	933	241	20	1	838	1	910	0.0	927
NP_524628.2	UniRef90_B4NHW0	61.8	911	252	21	1	838	1	888	2.60e-302	862
NP_524628.2	UniRef90_UPI000A1D07CF	58.6	947	238	28	1	838	1	902	1.15e-278	803
NP_524628.2	UniRef90_B4MF41	54.8	971	241	28	1	838	1	906	4.13e-272	786
NP_524628.2	UniRef90_B3MY40	56.2	921	299	23	1	838	1	900	1.92e-271	784
NP_524628.2	UniRef90_A0A6P4IK30	57.7	953	233	31	1	838	1	898	1.65e-269	779
NP_524628.2	UniRef90_A0A6J2TUG5	55.1	958	253	29	1	838	1	901	4.75e-267	773
NP_524628.2	UniRef90_A0A0M4EQC1	55.8	947	262	30	1	838	1	899	8.17e-265	767
NP_524628.2	UniRef90_A0A6J1LCR4	54.2	946	294	25	1	838	1	915	1.12e-263	765
NP_524628.2	UniRef90_B4L798	54.5	935	284	22	1	838	1	891	2.29e-254	740
NP_524628.2	UniRef90_A0A6P8X7D0	51.2	948	296	31	1	838	1	891	1.11e-235	692
NP_524628.2	UniRef90_A0A6P8KFY1	84.7	430	6	1	1	370	1	430	1.57e-234	672
NP_524628.2	UniRef90_B4R2G4	85.3	423	44	4	1	411	1	417	9.15e-227	652
NP_524628.2	UniRef90_UPI0007E8880A	74.3	495	57	7	1	428	1	492	1.75e-223	646
NP_524628.2	UniRef90_A0A0R3NVT5	67.1	493	90	8	1	428	1	486	5.77e-189	558
NP_524628.2	UniRef90_W8BZH6	44.9	984	334	31	38	838	134	1092	4.12e-183	564
NP_524628.2	UniRef90_Q1EBY5	100	277	0	0	38	314	81	357	2.20e-181	533
NP_524628.2	UniRef90_UPI0008DE3598	43.8	1001	338	32	38	838	141	1116	9.29e-177	548
