# DIAMOND v2.0.15. http://github.com/bbuchfink/diamond
# Invocation: diamond blastp --db /bucket/BioinfoUgrp/DB/diamondDB/ncbi/2022-07/nr.dmnd -q drosophila_pax6_isoformA.faa -p 16 -o result_drosophila_pax6_isoformA_diamond_ncbinr.out --header
# Fields: Query ID, Subject ID, Percentage of identical matches, Alignment length, Number of mismatches, Number of gap openings, Start of alignment in query, End of alignment in query, Start of alignment in subject, End of alignment in subject, Expected value, Bit score
NP_524628.2	NP_524628.2	100	838	0	0	1	838	1	838	0.0	1561
NP_524628.2	CAA56038.1	99.8	838	2	0	1	838	1	838	0.0	1559
NP_524628.2	NP_001014693.1	93.2	898	1	1	1	838	1	898	0.0	1531
NP_524628.2	XP_016037331.1	93.6	839	53	1	1	838	1	839	0.0	1489
NP_524628.2	O18381.3	100	801	0	0	38	838	57	857	0.0	1488
NP_524628.2	NP_001014694.1	100	801	0	0	38	838	57	857	0.0	1488
NP_524628.2	XP_033168158.1	92.6	839	61	1	1	838	1	839	0.0	1470
NP_524628.2	XP_032579804.1	92.5	839	62	1	1	838	1	839	0.0	1469
NP_524628.2	XP_016037329.1	87.2	899	54	2	1	838	1	899	0.0	1459
NP_524628.2	XP_033168155.1	86.3	899	62	2	1	838	1	899	0.0	1440
NP_524628.2	XP_002043695.1	86.2	899	63	2	1	838	1	899	0.0	1439
NP_524628.2	XP_033168156.1	86.1	887	62	2	13	838	6	892	0.0	1417
NP_524628.2	XP_016037332.1	93.3	802	53	1	38	838	57	858	0.0	1416
NP_524628.2	XP_033168157.1	92.3	802	61	1	38	838	57	858	0.0	1397
NP_524628.2	XP_039496473.1	83.4	841	134	4	1	838	1	838	0.0	1291
NP_524628.2	XP_043657339.1	84.7	841	125	3	1	838	1	840	0.0	1276
NP_524628.2	XP_015008645.1	84.1	841	130	3	1	838	1	840	0.0	1263
NP_524628.2	XP_039496471.1	77.7	901	135	5	1	838	1	898	0.0	1261
NP_524628.2	XP_043657337.1	78.9	901	126	4	1	838	1	900	0.0	1246
NP_524628.2	XP_001982710.1	78.4	901	131	4	1	838	1	900	0.0	1233
NP_524628.2	XP_039232939.1	79.2	841	169	4	1	838	1	838	0.0	1212
NP_524628.2	XP_002099618.1	73.8	901	170	5	1	838	1	898	0.0	1182
NP_524628.2	KAH8342768.1	75.4	906	150	10	1	838	1	901	0.0	1172
NP_524628.2	XP_016998558.2	78.7	846	166	10	1	838	1	840	0.0	1166
NP_524628.2	XP_016967455.1	78.8	848	164	10	1	838	1	842	0.0	1159
